<?xml version="1.0" encoding="UTF-8"?>
<testsuite xmlns:xsi="http://www.w3.org/2001/XMLSchema-instance" xsi:noNamespaceSchemaLocation="https://maven.apache.org/surefire/maven-surefire-plugin/xsd/surefire-test-report.xsd" version="3.0.2" name="TestSuite" time="83.757" tests="46" errors="0" skipped="33" failures="13">
  <properties>
    <property name="java.specification.version" value="22"/>
    <property name="sun.cpu.isalist" value="amd64"/>
    <property name="sun.jnu.encoding" value="Cp1252"/>
    <property name="java.class.path" value="C:\Users\sunil\eclipse-workspace\Regression_Pos_project\target\test-classes;C:\Users\sunil\eclipse-workspace\Regression_Pos_project\target\classes;C:\Users\sunil\.m2\repository\org\seleniumhq\selenium\selenium-java\4.27.0\selenium-java-4.27.0.jar;C:\Users\sunil\.m2\repository\org\seleniumhq\selenium\selenium-api\4.27.0\selenium-api-4.27.0.jar;C:\Users\sunil\.m2\repository\org\jspecify\jspecify\1.0.0\jspecify-1.0.0.jar;C:\Users\sunil\.m2\repository\org\seleniumhq\selenium\selenium-chrome-driver\4.27.0\selenium-chrome-driver-4.27.0.jar;C:\Users\sunil\.m2\repository\com\google\auto\service\auto-service-annotations\1.1.1\auto-service-annotations-1.1.1.jar;C:\Users\sunil\.m2\repository\org\seleniumhq\selenium\selenium-chromium-driver\4.27.0\selenium-chromium-driver-4.27.0.jar;C:\Users\sunil\.m2\repository\org\seleniumhq\selenium\selenium-json\4.27.0\selenium-json-4.27.0.jar;C:\Users\sunil\.m2\repository\org\seleniumhq\selenium\selenium-manager\4.27.0\selenium-manager-4.27.0.jar;C:\Users\sunil\.m2\repository\org\seleniumhq\selenium\selenium-devtools-v129\4.27.0\selenium-devtools-v129-4.27.0.jar;C:\Users\sunil\.m2\repository\org\seleniumhq\selenium\selenium-devtools-v130\4.27.0\selenium-devtools-v130-4.27.0.jar;C:\Users\sunil\.m2\repository\org\seleniumhq\selenium\selenium-devtools-v131\4.27.0\selenium-devtools-v131-4.27.0.jar;C:\Users\sunil\.m2\repository\org\seleniumhq\selenium\selenium-devtools-v85\4.27.0\selenium-devtools-v85-4.27.0.jar;C:\Users\sunil\.m2\repository\org\seleniumhq\selenium\selenium-edge-driver\4.27.0\selenium-edge-driver-4.27.0.jar;C:\Users\sunil\.m2\repository\org\seleniumhq\selenium\selenium-firefox-driver\4.27.0\selenium-firefox-driver-4.27.0.jar;C:\Users\sunil\.m2\repository\org\seleniumhq\selenium\selenium-http\4.27.0\selenium-http-4.27.0.jar;C:\Users\sunil\.m2\repository\dev\failsafe\failsafe\3.3.2\failsafe-3.3.2.jar;C:\Users\sunil\.m2\repository\org\seleniumhq\selenium\selenium-ie-driver\4.27.0\selenium-ie-driver-4.27.0.jar;C:\Users\sunil\.m2\repository\org\seleniumhq\selenium\selenium-remote-driver\4.27.0\selenium-remote-driver-4.27.0.jar;C:\Users\sunil\.m2\repository\com\google\guava\guava\33.3.1-jre\guava-33.3.1-jre.jar;C:\Users\sunil\.m2\repository\com\google\guava\failureaccess\1.0.2\failureaccess-1.0.2.jar;C:\Users\sunil\.m2\repository\com\google\guava\listenablefuture\9999.0-empty-to-avoid-conflict-with-guava\listenablefuture-9999.0-empty-to-avoid-conflict-with-guava.jar;C:\Users\sunil\.m2\repository\com\google\code\findbugs\jsr305\3.0.2\jsr305-3.0.2.jar;C:\Users\sunil\.m2\repository\com\google\errorprone\error_prone_annotations\2.28.0\error_prone_annotations-2.28.0.jar;C:\Users\sunil\.m2\repository\com\google\j2objc\j2objc-annotations\3.0.0\j2objc-annotations-3.0.0.jar;C:\Users\sunil\.m2\repository\io\opentelemetry\semconv\opentelemetry-semconv\1.25.0-alpha\opentelemetry-semconv-1.25.0-alpha.jar;C:\Users\sunil\.m2\repository\io\opentelemetry\opentelemetry-api\1.44.1\opentelemetry-api-1.44.1.jar;C:\Users\sunil\.m2\repository\io\opentelemetry\opentelemetry-context\1.44.1\opentelemetry-context-1.44.1.jar;C:\Users\sunil\.m2\repository\io\opentelemetry\opentelemetry-exporter-logging\1.44.1\opentelemetry-exporter-logging-1.44.1.jar;C:\Users\sunil\.m2\repository\io\opentelemetry\opentelemetry-sdk-common\1.44.1\opentelemetry-sdk-common-1.44.1.jar;C:\Users\sunil\.m2\repository\io\opentelemetry\opentelemetry-sdk-extension-autoconfigure-spi\1.44.1\opentelemetry-sdk-extension-autoconfigure-spi-1.44.1.jar;C:\Users\sunil\.m2\repository\io\opentelemetry\opentelemetry-sdk-extension-autoconfigure\1.44.1\opentelemetry-sdk-extension-autoconfigure-1.44.1.jar;C:\Users\sunil\.m2\repository\io\opentelemetry\opentelemetry-api-incubator\1.44.1-alpha\opentelemetry-api-incubator-1.44.1-alpha.jar;C:\Users\sunil\.m2\repository\io\opentelemetry\opentelemetry-sdk-trace\1.44.1\opentelemetry-sdk-trace-1.44.1.jar;C:\Users\sunil\.m2\repository\io\opentelemetry\opentelemetry-sdk\1.44.1\opentelemetry-sdk-1.44.1.jar;C:\Users\sunil\.m2\repository\io\opentelemetry\opentelemetry-sdk-metrics\1.44.1\opentelemetry-sdk-metrics-1.44.1.jar;C:\Users\sunil\.m2\repository\io\opentelemetry\opentelemetry-sdk-logs\1.44.1\opentelemetry-sdk-logs-1.44.1.jar;C:\Users\sunil\.m2\repository\net\bytebuddy\byte-buddy\1.15.10\byte-buddy-1.15.10.jar;C:\Users\sunil\.m2\repository\org\seleniumhq\selenium\selenium-os\4.27.0\selenium-os-4.27.0.jar;C:\Users\sunil\.m2\repository\org\apache\commons\commons-exec\1.4.0\commons-exec-1.4.0.jar;C:\Users\sunil\.m2\repository\org\seleniumhq\selenium\selenium-safari-driver\4.27.0\selenium-safari-driver-4.27.0.jar;C:\Users\sunil\.m2\repository\org\seleniumhq\selenium\selenium-support\4.27.0\selenium-support-4.27.0.jar;C:\Users\sunil\.m2\repository\org\testng\testng\7.10.2\testng-7.10.2.jar;C:\Users\sunil\.m2\repository\org\slf4j\slf4j-api\1.7.36\slf4j-api-1.7.36.jar;C:\Users\sunil\.m2\repository\com\beust\jcommander\1.82\jcommander-1.82.jar;C:\Users\sunil\.m2\repository\org\webjars\jquery\3.7.1\jquery-3.7.1.jar;C:\Users\sunil\.m2\repository\org\projectlombok\lombok\1.18.30\lombok-1.18.30.jar;C:\Users\sunil\.m2\repository\com\aventstack\extentreports\5.0.9\extentreports-5.0.9.jar;C:\Users\sunil\.m2\repository\io\reactivex\rxjava3\rxjava\3.0.4\rxjava-3.0.4.jar;C:\Users\sunil\.m2\repository\org\reactivestreams\reactive-streams\1.0.3\reactive-streams-1.0.3.jar;C:\Users\sunil\.m2\repository\org\freemarker\freemarker\2.3.30\freemarker-2.3.30.jar;C:\Users\sunil\.m2\repository\com\google\code\gson\gson\2.8.6\gson-2.8.6.jar;C:\Users\sunil\.m2\repository\net\sourceforge\tess4j\tess4j\5.13.0\tess4j-5.13.0.jar;C:\Users\sunil\.m2\repository\net\java\dev\jna\jna\5.14.0\jna-5.14.0.jar;C:\Users\sunil\.m2\repository\com\github\jai-imageio\jai-imageio-core\1.4.0\jai-imageio-core-1.4.0.jar;C:\Users\sunil\.m2\repository\org\apache\pdfbox\pdfbox\3.0.3\pdfbox-3.0.3.jar;C:\Users\sunil\.m2\repository\org\apache\pdfbox\pdfbox-io\3.0.3\pdfbox-io-3.0.3.jar;C:\Users\sunil\.m2\repository\org\apache\pdfbox\fontbox\3.0.3\fontbox-3.0.3.jar;C:\Users\sunil\.m2\repository\commons-logging\commons-logging\1.3.3\commons-logging-1.3.3.jar;C:\Users\sunil\.m2\repository\org\apache\pdfbox\pdfbox-tools\3.0.3\pdfbox-tools-3.0.3.jar;C:\Users\sunil\.m2\repository\org\apache\pdfbox\pdfbox-debugger\3.0.3\pdfbox-debugger-3.0.3.jar;C:\Users\sunil\.m2\repository\info\picocli\picocli\4.7.6\picocli-4.7.6.jar;C:\Users\sunil\.m2\repository\org\apache\pdfbox\jbig2-imageio\3.0.4\jbig2-imageio-3.0.4.jar;C:\Users\sunil\.m2\repository\commons-io\commons-io\2.16.1\commons-io-2.16.1.jar;C:\Users\sunil\.m2\repository\net\sourceforge\lept4j\lept4j\1.19.1\lept4j-1.19.1.jar;C:\Users\sunil\.m2\repository\org\jboss\jboss-vfs\3.2.17.Final\jboss-vfs-3.2.17.Final.jar;C:\Users\sunil\.m2\repository\org\jboss\logging\jboss-logging\3.1.4.GA\jboss-logging-3.1.4.GA.jar;C:\Users\sunil\.m2\repository\org\apache\poi\poi\5.2.3\poi-5.2.3.jar;C:\Users\sunil\.m2\repository\commons-codec\commons-codec\1.15\commons-codec-1.15.jar;C:\Users\sunil\.m2\repository\org\apache\commons\commons-collections4\4.4\commons-collections4-4.4.jar;C:\Users\sunil\.m2\repository\org\apache\commons\commons-math3\3.6.1\commons-math3-3.6.1.jar;C:\Users\sunil\.m2\repository\com\zaxxer\SparseBitSet\1.2\SparseBitSet-1.2.jar;C:\Users\sunil\.m2\repository\org\apache\logging\log4j\log4j-api\2.18.0\log4j-api-2.18.0.jar;C:\Users\sunil\.m2\repository\org\apache\poi\poi-ooxml\5.2.3\poi-ooxml-5.2.3.jar;C:\Users\sunil\.m2\repository\org\apache\poi\poi-ooxml-lite\5.2.3\poi-ooxml-lite-5.2.3.jar;C:\Users\sunil\.m2\repository\org\apache\commons\commons-compress\1.21\commons-compress-1.21.jar;C:\Users\sunil\.m2\repository\com\github\virtuald\curvesapi\1.07\curvesapi-1.07.jar;C:\Users\sunil\.m2\repository\org\apache\xmlbeans\xmlbeans\5.0.2\xmlbeans-5.0.2.jar;C:\Users\sunil\.m2\repository\org\apache\poi\poi-ooxml-schemas\4.1.2\poi-ooxml-schemas-4.1.2.jar;C:\Users\sunil\.m2\repository\org\postgresql\postgresql\42.7.5\postgresql-42.7.5.jar;C:\Users\sunil\.m2\repository\org\checkerframework\checker-qual\3.48.3\checker-qual-3.48.3.jar;"/>
    <property name="java.vm.vendor" value="Eclipse Adoptium"/>
    <property name="sun.arch.data.model" value="64"/>
    <property name="user.variant" value=""/>
    <property name="java.vendor.url" value="https://adoptium.net/"/>
    <property name="user.timezone" value="Asia/Calcutta"/>
    <property name="os.name" value="Windows 11"/>
    <property name="java.vm.specification.version" value="22"/>
    <property name="sun.java.launcher" value="SUN_STANDARD"/>
    <property name="user.country" value="IN"/>
    <property name="sun.boot.library.path" value="C:\Users\sunil\.p2\pool\plugins\org.eclipse.justj.openjdk.hotspot.jre.full.win32.x86_64_22.0.1.v20240426-1149\jre\bin"/>
    <property name="sun.java.command" value="C:\Users\sunil\AppData\Local\Temp\surefire13798518927183143797\surefirebooter-20250202072410353_3.jar C:\Users\sunil\AppData\Local\Temp\surefire13798518927183143797 2025-02-02T07-24-10_032-jvmRun1 surefire-20250202072410353_1tmp surefire_0-20250202072410353_2tmp"/>
    <property name="jdk.debug" value="release"/>
    <property name="surefire.test.class.path" value="C:\Users\sunil\eclipse-workspace\Regression_Pos_project\target\test-classes;C:\Users\sunil\eclipse-workspace\Regression_Pos_project\target\classes;C:\Users\sunil\.m2\repository\org\seleniumhq\selenium\selenium-java\4.27.0\selenium-java-4.27.0.jar;C:\Users\sunil\.m2\repository\org\seleniumhq\selenium\selenium-api\4.27.0\selenium-api-4.27.0.jar;C:\Users\sunil\.m2\repository\org\jspecify\jspecify\1.0.0\jspecify-1.0.0.jar;C:\Users\sunil\.m2\repository\org\seleniumhq\selenium\selenium-chrome-driver\4.27.0\selenium-chrome-driver-4.27.0.jar;C:\Users\sunil\.m2\repository\com\google\auto\service\auto-service-annotations\1.1.1\auto-service-annotations-1.1.1.jar;C:\Users\sunil\.m2\repository\org\seleniumhq\selenium\selenium-chromium-driver\4.27.0\selenium-chromium-driver-4.27.0.jar;C:\Users\sunil\.m2\repository\org\seleniumhq\selenium\selenium-json\4.27.0\selenium-json-4.27.0.jar;C:\Users\sunil\.m2\repository\org\seleniumhq\selenium\selenium-manager\4.27.0\selenium-manager-4.27.0.jar;C:\Users\sunil\.m2\repository\org\seleniumhq\selenium\selenium-devtools-v129\4.27.0\selenium-devtools-v129-4.27.0.jar;C:\Users\sunil\.m2\repository\org\seleniumhq\selenium\selenium-devtools-v130\4.27.0\selenium-devtools-v130-4.27.0.jar;C:\Users\sunil\.m2\repository\org\seleniumhq\selenium\selenium-devtools-v131\4.27.0\selenium-devtools-v131-4.27.0.jar;C:\Users\sunil\.m2\repository\org\seleniumhq\selenium\selenium-devtools-v85\4.27.0\selenium-devtools-v85-4.27.0.jar;C:\Users\sunil\.m2\repository\org\seleniumhq\selenium\selenium-edge-driver\4.27.0\selenium-edge-driver-4.27.0.jar;C:\Users\sunil\.m2\repository\org\seleniumhq\selenium\selenium-firefox-driver\4.27.0\selenium-firefox-driver-4.27.0.jar;C:\Users\sunil\.m2\repository\org\seleniumhq\selenium\selenium-http\4.27.0\selenium-http-4.27.0.jar;C:\Users\sunil\.m2\repository\dev\failsafe\failsafe\3.3.2\failsafe-3.3.2.jar;C:\Users\sunil\.m2\repository\org\seleniumhq\selenium\selenium-ie-driver\4.27.0\selenium-ie-driver-4.27.0.jar;C:\Users\sunil\.m2\repository\org\seleniumhq\selenium\selenium-remote-driver\4.27.0\selenium-remote-driver-4.27.0.jar;C:\Users\sunil\.m2\repository\com\google\guava\guava\33.3.1-jre\guava-33.3.1-jre.jar;C:\Users\sunil\.m2\repository\com\google\guava\failureaccess\1.0.2\failureaccess-1.0.2.jar;C:\Users\sunil\.m2\repository\com\google\guava\listenablefuture\9999.0-empty-to-avoid-conflict-with-guava\listenablefuture-9999.0-empty-to-avoid-conflict-with-guava.jar;C:\Users\sunil\.m2\repository\com\google\code\findbugs\jsr305\3.0.2\jsr305-3.0.2.jar;C:\Users\sunil\.m2\repository\com\google\errorprone\error_prone_annotations\2.28.0\error_prone_annotations-2.28.0.jar;C:\Users\sunil\.m2\repository\com\google\j2objc\j2objc-annotations\3.0.0\j2objc-annotations-3.0.0.jar;C:\Users\sunil\.m2\repository\io\opentelemetry\semconv\opentelemetry-semconv\1.25.0-alpha\opentelemetry-semconv-1.25.0-alpha.jar;C:\Users\sunil\.m2\repository\io\opentelemetry\opentelemetry-api\1.44.1\opentelemetry-api-1.44.1.jar;C:\Users\sunil\.m2\repository\io\opentelemetry\opentelemetry-context\1.44.1\opentelemetry-context-1.44.1.jar;C:\Users\sunil\.m2\repository\io\opentelemetry\opentelemetry-exporter-logging\1.44.1\opentelemetry-exporter-logging-1.44.1.jar;C:\Users\sunil\.m2\repository\io\opentelemetry\opentelemetry-sdk-common\1.44.1\opentelemetry-sdk-common-1.44.1.jar;C:\Users\sunil\.m2\repository\io\opentelemetry\opentelemetry-sdk-extension-autoconfigure-spi\1.44.1\opentelemetry-sdk-extension-autoconfigure-spi-1.44.1.jar;C:\Users\sunil\.m2\repository\io\opentelemetry\opentelemetry-sdk-extension-autoconfigure\1.44.1\opentelemetry-sdk-extension-autoconfigure-1.44.1.jar;C:\Users\sunil\.m2\repository\io\opentelemetry\opentelemetry-api-incubator\1.44.1-alpha\opentelemetry-api-incubator-1.44.1-alpha.jar;C:\Users\sunil\.m2\repository\io\opentelemetry\opentelemetry-sdk-trace\1.44.1\opentelemetry-sdk-trace-1.44.1.jar;C:\Users\sunil\.m2\repository\io\opentelemetry\opentelemetry-sdk\1.44.1\opentelemetry-sdk-1.44.1.jar;C:\Users\sunil\.m2\repository\io\opentelemetry\opentelemetry-sdk-metrics\1.44.1\opentelemetry-sdk-metrics-1.44.1.jar;C:\Users\sunil\.m2\repository\io\opentelemetry\opentelemetry-sdk-logs\1.44.1\opentelemetry-sdk-logs-1.44.1.jar;C:\Users\sunil\.m2\repository\net\bytebuddy\byte-buddy\1.15.10\byte-buddy-1.15.10.jar;C:\Users\sunil\.m2\repository\org\seleniumhq\selenium\selenium-os\4.27.0\selenium-os-4.27.0.jar;C:\Users\sunil\.m2\repository\org\apache\commons\commons-exec\1.4.0\commons-exec-1.4.0.jar;C:\Users\sunil\.m2\repository\org\seleniumhq\selenium\selenium-safari-driver\4.27.0\selenium-safari-driver-4.27.0.jar;C:\Users\sunil\.m2\repository\org\seleniumhq\selenium\selenium-support\4.27.0\selenium-support-4.27.0.jar;C:\Users\sunil\.m2\repository\org\testng\testng\7.10.2\testng-7.10.2.jar;C:\Users\sunil\.m2\repository\org\slf4j\slf4j-api\1.7.36\slf4j-api-1.7.36.jar;C:\Users\sunil\.m2\repository\com\beust\jcommander\1.82\jcommander-1.82.jar;C:\Users\sunil\.m2\repository\org\webjars\jquery\3.7.1\jquery-3.7.1.jar;C:\Users\sunil\.m2\repository\org\projectlombok\lombok\1.18.30\lombok-1.18.30.jar;C:\Users\sunil\.m2\repository\com\aventstack\extentreports\5.0.9\extentreports-5.0.9.jar;C:\Users\sunil\.m2\repository\io\reactivex\rxjava3\rxjava\3.0.4\rxjava-3.0.4.jar;C:\Users\sunil\.m2\repository\org\reactivestreams\reactive-streams\1.0.3\reactive-streams-1.0.3.jar;C:\Users\sunil\.m2\repository\org\freemarker\freemarker\2.3.30\freemarker-2.3.30.jar;C:\Users\sunil\.m2\repository\com\google\code\gson\gson\2.8.6\gson-2.8.6.jar;C:\Users\sunil\.m2\repository\net\sourceforge\tess4j\tess4j\5.13.0\tess4j-5.13.0.jar;C:\Users\sunil\.m2\repository\net\java\dev\jna\jna\5.14.0\jna-5.14.0.jar;C:\Users\sunil\.m2\repository\com\github\jai-imageio\jai-imageio-core\1.4.0\jai-imageio-core-1.4.0.jar;C:\Users\sunil\.m2\repository\org\apache\pdfbox\pdfbox\3.0.3\pdfbox-3.0.3.jar;C:\Users\sunil\.m2\repository\org\apache\pdfbox\pdfbox-io\3.0.3\pdfbox-io-3.0.3.jar;C:\Users\sunil\.m2\repository\org\apache\pdfbox\fontbox\3.0.3\fontbox-3.0.3.jar;C:\Users\sunil\.m2\repository\commons-logging\commons-logging\1.3.3\commons-logging-1.3.3.jar;C:\Users\sunil\.m2\repository\org\apache\pdfbox\pdfbox-tools\3.0.3\pdfbox-tools-3.0.3.jar;C:\Users\sunil\.m2\repository\org\apache\pdfbox\pdfbox-debugger\3.0.3\pdfbox-debugger-3.0.3.jar;C:\Users\sunil\.m2\repository\info\picocli\picocli\4.7.6\picocli-4.7.6.jar;C:\Users\sunil\.m2\repository\org\apache\pdfbox\jbig2-imageio\3.0.4\jbig2-imageio-3.0.4.jar;C:\Users\sunil\.m2\repository\commons-io\commons-io\2.16.1\commons-io-2.16.1.jar;C:\Users\sunil\.m2\repository\net\sourceforge\lept4j\lept4j\1.19.1\lept4j-1.19.1.jar;C:\Users\sunil\.m2\repository\org\jboss\jboss-vfs\3.2.17.Final\jboss-vfs-3.2.17.Final.jar;C:\Users\sunil\.m2\repository\org\jboss\logging\jboss-logging\3.1.4.GA\jboss-logging-3.1.4.GA.jar;C:\Users\sunil\.m2\repository\org\apache\poi\poi\5.2.3\poi-5.2.3.jar;C:\Users\sunil\.m2\repository\commons-codec\commons-codec\1.15\commons-codec-1.15.jar;C:\Users\sunil\.m2\repository\org\apache\commons\commons-collections4\4.4\commons-collections4-4.4.jar;C:\Users\sunil\.m2\repository\org\apache\commons\commons-math3\3.6.1\commons-math3-3.6.1.jar;C:\Users\sunil\.m2\repository\com\zaxxer\SparseBitSet\1.2\SparseBitSet-1.2.jar;C:\Users\sunil\.m2\repository\org\apache\logging\log4j\log4j-api\2.18.0\log4j-api-2.18.0.jar;C:\Users\sunil\.m2\repository\org\apache\poi\poi-ooxml\5.2.3\poi-ooxml-5.2.3.jar;C:\Users\sunil\.m2\repository\org\apache\poi\poi-ooxml-lite\5.2.3\poi-ooxml-lite-5.2.3.jar;C:\Users\sunil\.m2\repository\org\apache\commons\commons-compress\1.21\commons-compress-1.21.jar;C:\Users\sunil\.m2\repository\com\github\virtuald\curvesapi\1.07\curvesapi-1.07.jar;C:\Users\sunil\.m2\repository\org\apache\xmlbeans\xmlbeans\5.0.2\xmlbeans-5.0.2.jar;C:\Users\sunil\.m2\repository\org\apache\poi\poi-ooxml-schemas\4.1.2\poi-ooxml-schemas-4.1.2.jar;C:\Users\sunil\.m2\repository\org\postgresql\postgresql\42.7.5\postgresql-42.7.5.jar;C:\Users\sunil\.m2\repository\org\checkerframework\checker-qual\3.48.3\checker-qual-3.48.3.jar;"/>
    <property name="sun.cpu.endian" value="little"/>
    <property name="user.home" value="C:\Users\sunil"/>
    <property name="user.language" value="en"/>
    <property name="java.specification.vendor" value="Oracle Corporation"/>
    <property name="java.version.date" value="2024-04-16"/>
    <property name="java.home" value="C:\Users\sunil\.p2\pool\plugins\org.eclipse.justj.openjdk.hotspot.jre.full.win32.x86_64_22.0.1.v20240426-1149\jre"/>
    <property name="file.separator" value="\"/>
    <property name="basedir" value="C:\Users\sunil\eclipse-workspace\Regression_Pos_project"/>
    <property name="style.color" value="always"/>
    <property name="java.vm.compressedOopsMode" value="Zero based"/>
    <property name="line.separator" value="&#10;"/>
    <property name="java.vm.specification.vendor" value="Oracle Corporation"/>
    <property name="java.specification.name" value="Java Platform API Specification"/>
    <property name="surefire.real.class.path" value="C:\Users\sunil\AppData\Local\Temp\surefire13798518927183143797\surefirebooter-20250202072410353_3.jar"/>
    <property name="user.script" value=""/>
    <property name="sun.management.compiler" value="HotSpot 64-Bit Tiered Compilers"/>
    <property name="java.runtime.version" value="22.0.1+8"/>
    <property name="user.name" value="sunil"/>
    <property name="stdout.encoding" value="Cp1252"/>
    <property name="path.separator" value=";"/>
    <property name="os.version" value="10.0"/>
    <property name="java.runtime.name" value="OpenJDK Runtime Environment"/>
    <property name="file.encoding" value="UTF-8"/>
    <property name="java.vm.name" value="OpenJDK 64-Bit Server VM"/>
    <property name="java.vendor.version" value="Temurin-22.0.1+8"/>
    <property name="localRepository" value="C:\Users\sunil\.m2\repository"/>
    <property name="java.vendor.url.bug" value="https://github.com/adoptium/adoptium-support/issues"/>
    <property name="java.io.tmpdir" value="C:\Users\sunil\AppData\Local\Temp\"/>
    <property name="java.version" value="22.0.1"/>
    <property name="user.dir" value="C:\Users\sunil\eclipse-workspace\Regression_Pos_project"/>
    <property name="os.arch" value="amd64"/>
    <property name="java.vm.specification.name" value="Java Virtual Machine Specification"/>
    <property name="sun.os.patch.level" value=""/>
    <property name="native.encoding" value="Cp1252"/>
    <property name="java.library.path" value="C:\Users\sunil\.p2\pool\plugins\org.eclipse.justj.openjdk.hotspot.jre.full.win32.x86_64_22.0.1.v20240426-1149\jre\bin;C:\WINDOWS\Sun\Java\bin;C:\WINDOWS\system32;C:\WINDOWS;C:/Users/sunil/.p2/pool/plugins/org.eclipse.justj.openjdk.hotspot.jre.full.win32.x86_64_22.0.1.v20240426-1149/jre/bin/server;C:/Users/sunil/.p2/pool/plugins/org.eclipse.justj.openjdk.hotspot.jre.full.win32.x86_64_22.0.1.v20240426-1149/jre/bin;C:\Program Files\Common Files\Oracle\Java\javapath;C:\WINDOWS\system32;C:\WINDOWS;C:\WINDOWS\System32\Wbem;C:\WINDOWS\System32\WindowsPowerShell\v1.0\;C:\WINDOWS\System32\OpenSSH\;C:\Program Files\Java\jdk-17;C:\Users\sunil\Downloads\apache-maven-3.9.9-bin\apache-maven-3.9.9\bin;C:\Program Files\nodejs\node_modules;C:\Program Files\Git\cmd;C:\Program Files\nodejs\;C:\Users\sunil\AppData\Roaming\npm;;C:\Program Files\Docker\Docker\resources\bin;C:\Users\sunil\AppData\Local\Microsoft\WindowsApps;C:\Users\sunil\AppData\Roaming\npm;C:\WINDOWS\system32;;."/>
    <property name="java.vm.info" value="mixed mode"/>
    <property name="stderr.encoding" value="Cp1252"/>
    <property name="java.vendor" value="Eclipse Adoptium"/>
    <property name="java.vm.version" value="22.0.1+8"/>
    <property name="sun.io.unicode.encoding" value="UnicodeLittle"/>
    <property name="java.class.version" value="66.0"/>
  </properties>
  <testcase name="getTestCaseName" classname="com.proenx.rdep.promotion.listner.MasterPromotion_TestCases" time="2.75">
    <failure message="Cannot invoke &quot;String.equalsIgnoreCase(String)&quot; because the return value of &quot;java.util.Hashtable.get(Object)&quot; is null" type="java.lang.NullPointerException"><![CDATA[java.lang.NullPointerException: Cannot invoke "String.equalsIgnoreCase(String)" because the return value of "java.util.Hashtable.get(Object)" is null
	at com.proenx.rdep.promotion.listner.MasterPromotion_TestCases.getTestCaseName(MasterPromotion_TestCases.java:20)
	at java.base/jdk.internal.reflect.DirectMethodHandleAccessor.invoke(DirectMethodHandleAccessor.java:103)
	at java.base/java.lang.reflect.Method.invoke(Method.java:580)
	at org.testng.internal.invokers.MethodInvocationHelper.invokeMethod(MethodInvocationHelper.java:141)
	at org.testng.internal.invokers.MethodInvocationHelper.invokeMethodConsideringTimeout(MethodInvocationHelper.java:71)
	at org.testng.internal.invokers.ConfigInvoker.invokeConfigurationMethod(ConfigInvoker.java:400)
	at org.testng.internal.invokers.ConfigInvoker.invokeConfigurations(ConfigInvoker.java:333)
	at org.testng.internal.invokers.TestMethodWorker.invokeBeforeClassMethods(TestMethodWorker.java:188)
	at org.testng.internal.invokers.TestMethodWorker.run(TestMethodWorker.java:128)
	at java.base/java.util.ArrayList.forEach(ArrayList.java:1597)
	at org.testng.TestRunner.privateRun(TestRunner.java:739)
	at org.testng.TestRunner.run(TestRunner.java:614)
	at org.testng.SuiteRunner.runTest(SuiteRunner.java:421)
	at org.testng.SuiteRunner.runSequentially(SuiteRunner.java:413)
	at org.testng.SuiteRunner.privateRun(SuiteRunner.java:373)
	at org.testng.SuiteRunner.run(SuiteRunner.java:312)
	at org.testng.SuiteRunnerWorker.runSuite(SuiteRunnerWorker.java:52)
	at org.testng.SuiteRunnerWorker.run(SuiteRunnerWorker.java:95)
	at org.testng.TestNG.runSuitesSequentially(TestNG.java:1274)
	at org.testng.TestNG.runSuitesLocally(TestNG.java:1208)
	at org.testng.TestNG.runSuites(TestNG.java:1112)
	at org.testng.TestNG.run(TestNG.java:1079)
	at org.apache.maven.surefire.testng.TestNGExecutor.run(TestNGExecutor.java:308)
	at org.apache.maven.surefire.testng.TestNGXmlTestSuite.execute(TestNGXmlTestSuite.java:71)
	at org.apache.maven.surefire.testng.TestNGProvider.invoke(TestNGProvider.java:113)
	at org.apache.maven.surefire.booter.ForkedBooter.runSuitesInProcess(ForkedBooter.java:385)
	at org.apache.maven.surefire.booter.ForkedBooter.execute(ForkedBooter.java:162)
	at org.apache.maven.surefire.booter.ForkedBooter.run(ForkedBooter.java:507)
	at org.apache.maven.surefire.booter.ForkedBooter.main(ForkedBooter.java:495)
]]></failure>
    <system-out><![CDATA[Reading Configue file 
configue file is loaded 
Reading PROP file 
PROP file is loaded 
Reading PROP file 
HasTable Run Mode :{Customer_Screen_Test_Cases=Y, =}
]]></system-out>
    <system-err><![CDATA[SLF4J: Failed to load class "org.slf4j.impl.StaticLoggerBinder".
SLF4J: Defaulting to no-operation (NOP) logger implementation
SLF4J: See http://www.slf4j.org/codes.html#StaticLoggerBinder for further details.
ERROR StatusLogger Log4j2 could not find a logging implementation. Please add log4j-core to the classpath. Using SimpleLogger to log to the console...
]]></system-err>
  </testcase>
  <testcase name="launchBrowser" classname="com.proenx.rdep.promotion.listner.MasterPromotion_TestCases" time="0.0">
    <skipped/>
    <system-out><![CDATA[MasterPromotion_TestCases test case starts from row number :- 13
Total number of columns are:- 9
Total number of iterations/rows are :- 1
***************************************************

----{Master Promotion End Date Format=2024-10-07 04:51 pm, Master Promotion Start Date Format=2024-10-05 04:51 pm, Active Status2=false, Active Status1=true, Store Selection for Edit store=Metawear Limited Kolkata - 1001, Toast message for Uploading invalid file=No data found to load promotion products., Active status through Edit Promotion=true, Override status through Edit Promotion=true, Store Selection for Edit store all type of promotion apart from combination pool=Metawear Limited Kolkata - 1001}
]]></system-out>
  </testcase>
  <testcase name="launchBrowser" classname="com.proenx.rdep.promotion.listner.MasterPromotion_TestCases" time="0.0">
    <skipped/>
    <system-out><![CDATA[MasterPromotion_TestCases test case starts from row number :- 13
Total number of columns are:- 9
Total number of iterations/rows are :- 1
***************************************************

----{Master Promotion End Date Format=2024-10-07 04:51 pm, Master Promotion Start Date Format=2024-10-05 04:51 pm, Active Status2=false, Active Status1=true, Store Selection for Edit store=Metawear Limited Kolkata - 1001, Toast message for Uploading invalid file=No data found to load promotion products., Active status through Edit Promotion=true, Override status through Edit Promotion=true, Store Selection for Edit store all type of promotion apart from combination pool=Metawear Limited Kolkata - 1001}
]]></system-out>
  </testcase>
  <testcase name="create_promotion[{Master Promotion End Date Format=2024-10-07 04:51 pm, Master Promotion Start Date Format=2024-10-05 04:51 pm, Active Status2=false, Active Status1=true, Store Selection for Edit store=Metawear Limited Kolkata - 1001, Toast message for Uploading invalid file=No data found to load promotion products., Active status through Edit Promotion=true, Override status through Edit Promotion=true, Store Selection for Edit store all type of promotion apart from combination pool=Metawear Limited Kolkata - 1001}](1)" classname="com.proenx.rdep.promotion.listner.MasterPromotion_TestCases" time="0.0">
    <skipped message="Cannot invoke &quot;String.equalsIgnoreCase(String)&quot; because the return value of &quot;java.util.Hashtable.get(Object)&quot; is null"/>
  </testcase>
  <testcase name="create_promotion2[{Master Promotion End Date Format=2024-10-07 04:51 pm, Master Promotion Start Date Format=2024-10-05 04:51 pm, Active Status2=false, Active Status1=true, Store Selection for Edit store=Metawear Limited Kolkata - 1001, Toast message for Uploading invalid file=No data found to load promotion products., Active status through Edit Promotion=true, Override status through Edit Promotion=true, Store Selection for Edit store all type of promotion apart from combination pool=Metawear Limited Kolkata - 1001}](1)" classname="com.proenx.rdep.promotion.listner.MasterPromotion_TestCases" time="0.0">
    <skipped message="Cannot invoke &quot;String.equalsIgnoreCase(String)&quot; because the return value of &quot;java.util.Hashtable.get(Object)&quot; is null"/>
  </testcase>
  <testcase name="generateReport" classname="com.proenx.rdep.promotion.listner.MasterPromotion_TestCases" time="0.0">
    <skipped/>
  </testcase>
  <testcase name="getTestCaseName" classname="com.proenx.rdep.promotion.listner.Create_Simple_Total_System_Based" time="5.021">
    <failure message="Cannot invoke &quot;String.equalsIgnoreCase(String)&quot; because the return value of &quot;java.util.Hashtable.get(Object)&quot; is null" type="java.lang.NullPointerException"><![CDATA[java.lang.NullPointerException: Cannot invoke "String.equalsIgnoreCase(String)" because the return value of "java.util.Hashtable.get(Object)" is null
	at com.proenx.rdep.promotion.listner.Create_Simple_Total_System_Based.getTestCaseName(Create_Simple_Total_System_Based.java:20)
	at java.base/jdk.internal.reflect.DirectMethodHandleAccessor.invoke(DirectMethodHandleAccessor.java:103)
	at java.base/java.lang.reflect.Method.invoke(Method.java:580)
	at org.testng.internal.invokers.MethodInvocationHelper.invokeMethod(MethodInvocationHelper.java:141)
	at org.testng.internal.invokers.MethodInvocationHelper.invokeMethodConsideringTimeout(MethodInvocationHelper.java:71)
	at org.testng.internal.invokers.ConfigInvoker.invokeConfigurationMethod(ConfigInvoker.java:400)
	at org.testng.internal.invokers.ConfigInvoker.invokeConfigurations(ConfigInvoker.java:333)
	at org.testng.internal.invokers.TestMethodWorker.invokeBeforeClassMethods(TestMethodWorker.java:188)
	at org.testng.internal.invokers.TestMethodWorker.run(TestMethodWorker.java:128)
	at java.base/java.util.ArrayList.forEach(ArrayList.java:1597)
	at org.testng.TestRunner.privateRun(TestRunner.java:739)
	at org.testng.TestRunner.run(TestRunner.java:614)
	at org.testng.SuiteRunner.runTest(SuiteRunner.java:421)
	at org.testng.SuiteRunner.runSequentially(SuiteRunner.java:413)
	at org.testng.SuiteRunner.privateRun(SuiteRunner.java:373)
	at org.testng.SuiteRunner.run(SuiteRunner.java:312)
	at org.testng.SuiteRunnerWorker.runSuite(SuiteRunnerWorker.java:52)
	at org.testng.SuiteRunnerWorker.run(SuiteRunnerWorker.java:95)
	at org.testng.TestNG.runSuitesSequentially(TestNG.java:1274)
	at org.testng.TestNG.runSuitesLocally(TestNG.java:1208)
	at org.testng.TestNG.runSuites(TestNG.java:1112)
	at org.testng.TestNG.run(TestNG.java:1079)
	at org.apache.maven.surefire.testng.TestNGExecutor.run(TestNGExecutor.java:308)
	at org.apache.maven.surefire.testng.TestNGXmlTestSuite.execute(TestNGXmlTestSuite.java:71)
	at org.apache.maven.surefire.testng.TestNGProvider.invoke(TestNGProvider.java:113)
	at org.apache.maven.surefire.booter.ForkedBooter.runSuitesInProcess(ForkedBooter.java:385)
	at org.apache.maven.surefire.booter.ForkedBooter.execute(ForkedBooter.java:162)
	at org.apache.maven.surefire.booter.ForkedBooter.run(ForkedBooter.java:507)
	at org.apache.maven.surefire.booter.ForkedBooter.main(ForkedBooter.java:495)
]]></failure>
  </testcase>
  <testcase name="launchBrowser" classname="com.proenx.rdep.promotion.listner.Create_Simple_Total_System_Based" time="0.0">
    <skipped/>
    <system-out><![CDATA[Create_Simple_Total_System_Based test case starts from row number :- 17
Total number of columns are:- 28
Total number of iterations/rows are :- 1
***************************************************

----{Promo code  for custom store and custom product type to Search  in Master Promotion Filter=Custom Store+Product, end date in filter=2025-01-07 04:51 pm, Promotion Type1=Simple Total, Master Promotion End Date Format=2025-01-06 04:51 pm, Discount Value=10, Master Promotion Start Date Format=2024-12-22 04:51 pm, Promo Code for custom store and Custom product=Custom Store+Product, Promo Code for custom store and all product=Custom Store, Promotion successful Message=Promotion configured successfully, Promo code  for all store and all product type to Search  in Master Promotion Filter=REGRESS_TEST, Simple Total Discount Value  Error Message=Discount value should be greater than 0, start date in filter=2024-12-05 04:51 pm, Simple_Total_Maximum_Discount_Value=500, Simple Total Promotion Type Error Message=Please Select Promotion Type, Promotion Name=Simple Total Promo, Promotion Code=ErrorMessage, Simple Total Promotion Sub Type Error Message=Please Select Promotion Sub Type, StoreName2=Test82 - 0292, Test Case Description=This t TC will create a Simple total promotion with system based and it will also cross check the promotion from the master promotion table and the promotion details are here in the end of the report to cross check with Mpos and Dbeaver, Simple Total Promotion Name Error Message=Please Provide Promotion Name, Promo Code for all store and all product=REGRESS_TEST, StoreName1=Rdep Meta Limited Pune - 1765, Gap=NA, Promo code  for custom store and all product type to Search  in Master Promotion Filter=Custom Store, Promotion Sub type1=Percentage, Description=Simple Total Promotion, Simple Total Promotion Code Type Error Message=Please Provide Promotion Promocode, Simple_Total_Trigger_Amount=1000}
]]></system-out>
  </testcase>
  <testcase name="create_promotion[{Promo code  for custom store and custom product type to Search  in Master Promotion Filter=Custom Store+Product, end date in filter=2025-01-07 04:51 pm, Promotion Type1=Simple Total, Master Promotion End Date Format=2025-01-06 04:51 pm, Discount Value=10, Master Promotion Start Date Format=2024-12-22 04:51 pm, Promo Code for custom store and Custom product=Custom Store+Product, Promo Code for custom store and all product=Custom Store, Promotion successful Message=Promotion configured successfully, Promo code  for all store and all product type to Search  in Master Promotion Filter=REGRESS_TEST, Simple Total Discount Value  Error Message=Discount value should be greater than 0, start date in filter=2024-12-05 04:51 pm, Simple_Total_Maximum_Discount_Value=500, Simple Total Promotion Type Error Message=Please Select Promotion Type, Promotion Name=Simple Total Promo, Promotion Code=ErrorMessage, Simple Total Promotion Sub Type Error Message=Please Select Promotion Sub Type, StoreName2=Test82 - 0292, Test Case Description=This t TC will create a Simple total promotion with system based and it will also cross check the promotion from the master promotion table and the promotion details are here in the end of the report to cross check with Mpos and Dbeaver, Simple Total Promotion Name Error Message=Please Provide Promotion Name, Promo Code for all store and all product=REGRESS_TEST, StoreName1=Rdep Meta Limited Pune - 1765, Gap=NA, Promo code  for custom store and all product type to Search  in Master Promotion Filter=Custom Store, Promotion Sub type1=Percentage, Description=Simple Total Promotion, Simple Total Promotion Code Type Error Message=Please Provide Promotion Promocode, Simple_Total_Trigger_Amount=1000}](1)" classname="com.proenx.rdep.promotion.listner.Create_Simple_Total_System_Based" time="0.0">
    <skipped message="Cannot invoke &quot;String.equalsIgnoreCase(String)&quot; because the return value of &quot;java.util.Hashtable.get(Object)&quot; is null"/>
  </testcase>
  <testcase name="getTestCaseName" classname="com.proenx.rdep.promotion.listner.Create_Simple_Total_Coupon_Based" time="5.015">
    <failure message="Cannot invoke &quot;String.equalsIgnoreCase(String)&quot; because the return value of &quot;java.util.Hashtable.get(Object)&quot; is null" type="java.lang.NullPointerException"><![CDATA[java.lang.NullPointerException: Cannot invoke "String.equalsIgnoreCase(String)" because the return value of "java.util.Hashtable.get(Object)" is null
	at com.proenx.rdep.promotion.listner.Create_Simple_Total_Coupon_Based.getTestCaseName(Create_Simple_Total_Coupon_Based.java:20)
	at java.base/jdk.internal.reflect.DirectMethodHandleAccessor.invoke(DirectMethodHandleAccessor.java:103)
	at java.base/java.lang.reflect.Method.invoke(Method.java:580)
	at org.testng.internal.invokers.MethodInvocationHelper.invokeMethod(MethodInvocationHelper.java:141)
	at org.testng.internal.invokers.MethodInvocationHelper.invokeMethodConsideringTimeout(MethodInvocationHelper.java:71)
	at org.testng.internal.invokers.ConfigInvoker.invokeConfigurationMethod(ConfigInvoker.java:400)
	at org.testng.internal.invokers.ConfigInvoker.invokeConfigurations(ConfigInvoker.java:333)
	at org.testng.internal.invokers.TestMethodWorker.invokeBeforeClassMethods(TestMethodWorker.java:188)
	at org.testng.internal.invokers.TestMethodWorker.run(TestMethodWorker.java:128)
	at java.base/java.util.ArrayList.forEach(ArrayList.java:1597)
	at org.testng.TestRunner.privateRun(TestRunner.java:739)
	at org.testng.TestRunner.run(TestRunner.java:614)
	at org.testng.SuiteRunner.runTest(SuiteRunner.java:421)
	at org.testng.SuiteRunner.runSequentially(SuiteRunner.java:413)
	at org.testng.SuiteRunner.privateRun(SuiteRunner.java:373)
	at org.testng.SuiteRunner.run(SuiteRunner.java:312)
	at org.testng.SuiteRunnerWorker.runSuite(SuiteRunnerWorker.java:52)
	at org.testng.SuiteRunnerWorker.run(SuiteRunnerWorker.java:95)
	at org.testng.TestNG.runSuitesSequentially(TestNG.java:1274)
	at org.testng.TestNG.runSuitesLocally(TestNG.java:1208)
	at org.testng.TestNG.runSuites(TestNG.java:1112)
	at org.testng.TestNG.run(TestNG.java:1079)
	at org.apache.maven.surefire.testng.TestNGExecutor.run(TestNGExecutor.java:308)
	at org.apache.maven.surefire.testng.TestNGXmlTestSuite.execute(TestNGXmlTestSuite.java:71)
	at org.apache.maven.surefire.testng.TestNGProvider.invoke(TestNGProvider.java:113)
	at org.apache.maven.surefire.booter.ForkedBooter.runSuitesInProcess(ForkedBooter.java:385)
	at org.apache.maven.surefire.booter.ForkedBooter.execute(ForkedBooter.java:162)
	at org.apache.maven.surefire.booter.ForkedBooter.run(ForkedBooter.java:507)
	at org.apache.maven.surefire.booter.ForkedBooter.main(ForkedBooter.java:495)
]]></failure>
  </testcase>
  <testcase name="launchBrowser" classname="com.proenx.rdep.promotion.listner.Create_Simple_Total_Coupon_Based" time="0.0">
    <skipped/>
    <system-out><![CDATA[Create_Simple_Total_Coupon_Based test case starts from row number :- 21
Total number of columns are:- 30
Total number of iterations/rows are :- 1
***************************************************

----{Promo code  for custom store and custom product type to Search  in Master Promotion Filter=Custom Store+Product, Test Case Description for Coupon based Simple Total Promotion=This t TC will create a Simple total promotion with system based and it will also cross check the promotion from the master promotion table and the promotion details are here in the end of the report to cross check with Mpos and Dbeaver, end date in filter=2025-01-07 04:51 pm, Promotion Type1=Simple Total, Master Promotion End Date Format=2025-01-06 04:51 pm, Discount Value=10, Master Promotion Start Date Format=2024-12-22 04:51 pm, Promo Code for custom store and Custom product=Custom Store+Product, Coupon Field for Custom store and all product=JaiHO, Promo Code for custom store and all product=Custom Store+AllProduct1, Promotion successful Message=Promotion configured successfully, Promo code  for all store and all product type to Search  in Master Promotion Filter=REGRESS_COUPON, Simple Total Discount Value  Error Message=Discount value should be greater than 0, Coupon Field for all store and all product=JaiHO, start date in filter=2024-12-05 04:51 pm, Simple_Total_Maximum_Discount_Value=500, Simple Total Promotion Type Error Message=Please Select Promotion Type, Promotion Name=Simple Total Promo, Promotion Code=ErrorMessage, Simple Total Promotion Sub Type Error Message=Please Select Promotion Sub Type, StoreName2=Test82 - 0292, Simple Total Promotion Name Error Message=Please Provide Promotion Name, Promo Code for all store and all product=REGRESS_COUPON, StoreName1=Rdep Meta Limited Pune - 1765, Gap=NA, Promo code  for custom store and all product type to Search  in Master Promotion Filter=Custom Store+AllProduct1, Promotion Sub type1=Percentage, Description=Simple Total Promotion, Simple Total Promotion Code Type Error Message=Please Provide Promotion Promocode, Simple_Total_Trigger_Amount=1000}
]]></system-out>
  </testcase>
  <testcase name="create_promotion[{Promo code  for custom store and custom product type to Search  in Master Promotion Filter=Custom Store+Product, Test Case Description for Coupon based Simple Total Promotion=This t TC will create a Simple total promotion with system based and it will also cross check the promotion from the master promotion table and the promotion details are here in the end of the report to cross check with Mpos and Dbeaver, end date in filter=2025-01-07 04:51 pm, Promotion Type1=Simple Total, Master Promotion End Date Format=2025-01-06 04:51 pm, Discount Value=10, Master Promotion Start Date Format=2024-12-22 04:51 pm, Promo Code for custom store and Custom product=Custom Store+Product, Coupon Field for Custom store and all product=JaiHO, Promo Code for custom store and all product=Custom Store+AllProduct1, Promotion successful Message=Promotion configured successfully, Promo code  for all store and all product type to Search  in Master Promotion Filter=REGRESS_COUPON, Simple Total Discount Value  Error Message=Discount value should be greater than 0, Coupon Field for all store and all product=JaiHO, start date in filter=2024-12-05 04:51 pm, Simple_Total_Maximum_Discount_Value=500, Simple Total Promotion Type Error Message=Please Select Promotion Type, Promotion Name=Simple Total Promo, Promotion Code=ErrorMessage, Simple Total Promotion Sub Type Error Message=Please Select Promotion Sub Type, StoreName2=Test82 - 0292, Simple Total Promotion Name Error Message=Please Provide Promotion Name, Promo Code for all store and all product=REGRESS_COUPON, StoreName1=Rdep Meta Limited Pune - 1765, Gap=NA, Promo code  for custom store and all product type to Search  in Master Promotion Filter=Custom Store+AllProduct1, Promotion Sub type1=Percentage, Description=Simple Total Promotion, Simple Total Promotion Code Type Error Message=Please Provide Promotion Promocode, Simple_Total_Trigger_Amount=1000}](1)" classname="com.proenx.rdep.promotion.listner.Create_Simple_Total_Coupon_Based" time="0.0">
    <skipped message="Cannot invoke &quot;String.equalsIgnoreCase(String)&quot; because the return value of &quot;java.util.Hashtable.get(Object)&quot; is null"/>
  </testcase>
  <testcase name="getTestCaseName" classname="com.proenx.rdep.promotion.listner.Create_Package_Quantity_Coupon_Based" time="4.969">
    <failure message="Cannot invoke &quot;String.equalsIgnoreCase(String)&quot; because the return value of &quot;java.util.Hashtable.get(Object)&quot; is null" type="java.lang.NullPointerException"><![CDATA[java.lang.NullPointerException: Cannot invoke "String.equalsIgnoreCase(String)" because the return value of "java.util.Hashtable.get(Object)" is null
	at com.proenx.rdep.promotion.listner.Create_Package_Quantity_Coupon_Based.getTestCaseName(Create_Package_Quantity_Coupon_Based.java:20)
	at java.base/jdk.internal.reflect.DirectMethodHandleAccessor.invoke(DirectMethodHandleAccessor.java:103)
	at java.base/java.lang.reflect.Method.invoke(Method.java:580)
	at org.testng.internal.invokers.MethodInvocationHelper.invokeMethod(MethodInvocationHelper.java:141)
	at org.testng.internal.invokers.MethodInvocationHelper.invokeMethodConsideringTimeout(MethodInvocationHelper.java:71)
	at org.testng.internal.invokers.ConfigInvoker.invokeConfigurationMethod(ConfigInvoker.java:400)
	at org.testng.internal.invokers.ConfigInvoker.invokeConfigurations(ConfigInvoker.java:333)
	at org.testng.internal.invokers.TestMethodWorker.invokeBeforeClassMethods(TestMethodWorker.java:188)
	at org.testng.internal.invokers.TestMethodWorker.run(TestMethodWorker.java:128)
	at java.base/java.util.ArrayList.forEach(ArrayList.java:1597)
	at org.testng.TestRunner.privateRun(TestRunner.java:739)
	at org.testng.TestRunner.run(TestRunner.java:614)
	at org.testng.SuiteRunner.runTest(SuiteRunner.java:421)
	at org.testng.SuiteRunner.runSequentially(SuiteRunner.java:413)
	at org.testng.SuiteRunner.privateRun(SuiteRunner.java:373)
	at org.testng.SuiteRunner.run(SuiteRunner.java:312)
	at org.testng.SuiteRunnerWorker.runSuite(SuiteRunnerWorker.java:52)
	at org.testng.SuiteRunnerWorker.run(SuiteRunnerWorker.java:95)
	at org.testng.TestNG.runSuitesSequentially(TestNG.java:1274)
	at org.testng.TestNG.runSuitesLocally(TestNG.java:1208)
	at org.testng.TestNG.runSuites(TestNG.java:1112)
	at org.testng.TestNG.run(TestNG.java:1079)
	at org.apache.maven.surefire.testng.TestNGExecutor.run(TestNGExecutor.java:308)
	at org.apache.maven.surefire.testng.TestNGXmlTestSuite.execute(TestNGXmlTestSuite.java:71)
	at org.apache.maven.surefire.testng.TestNGProvider.invoke(TestNGProvider.java:113)
	at org.apache.maven.surefire.booter.ForkedBooter.runSuitesInProcess(ForkedBooter.java:385)
	at org.apache.maven.surefire.booter.ForkedBooter.execute(ForkedBooter.java:162)
	at org.apache.maven.surefire.booter.ForkedBooter.run(ForkedBooter.java:507)
	at org.apache.maven.surefire.booter.ForkedBooter.main(ForkedBooter.java:495)
]]></failure>
  </testcase>
  <testcase name="launchBrowser" classname="com.proenx.rdep.promotion.listner.Create_Package_Quantity_Coupon_Based" time="0.0">
    <skipped/>
    <system-out><![CDATA[Create_Package_Quantity_Coupon_Based test case starts from row number :- 25
Total number of columns are:- 14
Total number of iterations/rows are :- 1
***************************************************

----{Package Quatity Trigger Quantiy=2, Package Quantity StoreName2=Test82 - 0292, Package Quantity StoreName1=Rdep Meta Limited Pune - 1765, Package Quantity Pool Coupon Field=T20WC, Package Quantity Start Date Format=2024-11-14 04:51 pm, Package Quantity Type1=Package Quantity, Package Quantity Discount Value=12, Package Quantity Promotion Details Error PopUp=Please Select Promotion Type, Package Quantity End Date Format=2024-12-20 04:51 pm, Package Quantity Promotion Name=Pakage Coupon  TEST, Package Quantity Promotion Code=PACKAGE12%, Package Quantity  Promotion successful Message=Promotion configured successfully, Package Quantity Promotion Sub type1=Percentage, Package Quantity Description=Package Qauantity Pool Promotion}
]]></system-out>
  </testcase>
  <testcase name="create_promotion[{Package Quatity Trigger Quantiy=2, Package Quantity StoreName2=Test82 - 0292, Package Quantity StoreName1=Rdep Meta Limited Pune - 1765, Package Quantity Pool Coupon Field=T20WC, Package Quantity Start Date Format=2024-11-14 04:51 pm, Package Quantity Type1=Package Quantity, Package Quantity Discount Value=12, Package Quantity Promotion Details Error PopUp=Please Select Promotion Type, Package Quantity End Date Format=2024-12-20 04:51 pm, Package Quantity Promotion Name=Pakage Coupon  TEST, Package Quantity Promotion Code=PACKAGE12%, Package Quantity  Promotion successful Message=Promotion configured successfully, Package Quantity Promotion Sub type1=Percentage, Package Quantity Description=Package Qauantity Pool Promotion}](1)" classname="com.proenx.rdep.promotion.listner.Create_Package_Quantity_Coupon_Based" time="0.0">
    <skipped message="Cannot invoke &quot;String.equalsIgnoreCase(String)&quot; because the return value of &quot;java.util.Hashtable.get(Object)&quot; is null"/>
  </testcase>
  <testcase name="getTestCaseName" classname="com.proenx.rdep.promotion.listner.Create_Package_Quantity_System_Based" time="5.017">
    <failure message="Cannot invoke &quot;String.equalsIgnoreCase(String)&quot; because the return value of &quot;java.util.Hashtable.get(Object)&quot; is null" type="java.lang.NullPointerException"><![CDATA[java.lang.NullPointerException: Cannot invoke "String.equalsIgnoreCase(String)" because the return value of "java.util.Hashtable.get(Object)" is null
	at com.proenx.rdep.promotion.listner.Create_Package_Quantity_System_Based.getTestCaseName(Create_Package_Quantity_System_Based.java:20)
	at java.base/jdk.internal.reflect.DirectMethodHandleAccessor.invoke(DirectMethodHandleAccessor.java:103)
	at java.base/java.lang.reflect.Method.invoke(Method.java:580)
	at org.testng.internal.invokers.MethodInvocationHelper.invokeMethod(MethodInvocationHelper.java:141)
	at org.testng.internal.invokers.MethodInvocationHelper.invokeMethodConsideringTimeout(MethodInvocationHelper.java:71)
	at org.testng.internal.invokers.ConfigInvoker.invokeConfigurationMethod(ConfigInvoker.java:400)
	at org.testng.internal.invokers.ConfigInvoker.invokeConfigurations(ConfigInvoker.java:333)
	at org.testng.internal.invokers.TestMethodWorker.invokeBeforeClassMethods(TestMethodWorker.java:188)
	at org.testng.internal.invokers.TestMethodWorker.run(TestMethodWorker.java:128)
	at java.base/java.util.ArrayList.forEach(ArrayList.java:1597)
	at org.testng.TestRunner.privateRun(TestRunner.java:739)
	at org.testng.TestRunner.run(TestRunner.java:614)
	at org.testng.SuiteRunner.runTest(SuiteRunner.java:421)
	at org.testng.SuiteRunner.runSequentially(SuiteRunner.java:413)
	at org.testng.SuiteRunner.privateRun(SuiteRunner.java:373)
	at org.testng.SuiteRunner.run(SuiteRunner.java:312)
	at org.testng.SuiteRunnerWorker.runSuite(SuiteRunnerWorker.java:52)
	at org.testng.SuiteRunnerWorker.run(SuiteRunnerWorker.java:95)
	at org.testng.TestNG.runSuitesSequentially(TestNG.java:1274)
	at org.testng.TestNG.runSuitesLocally(TestNG.java:1208)
	at org.testng.TestNG.runSuites(TestNG.java:1112)
	at org.testng.TestNG.run(TestNG.java:1079)
	at org.apache.maven.surefire.testng.TestNGExecutor.run(TestNGExecutor.java:308)
	at org.apache.maven.surefire.testng.TestNGXmlTestSuite.execute(TestNGXmlTestSuite.java:71)
	at org.apache.maven.surefire.testng.TestNGProvider.invoke(TestNGProvider.java:113)
	at org.apache.maven.surefire.booter.ForkedBooter.runSuitesInProcess(ForkedBooter.java:385)
	at org.apache.maven.surefire.booter.ForkedBooter.execute(ForkedBooter.java:162)
	at org.apache.maven.surefire.booter.ForkedBooter.run(ForkedBooter.java:507)
	at org.apache.maven.surefire.booter.ForkedBooter.main(ForkedBooter.java:495)
]]></failure>
  </testcase>
  <testcase name="launchBrowser" classname="com.proenx.rdep.promotion.listner.Create_Package_Quantity_System_Based" time="0.0">
    <skipped/>
    <system-out><![CDATA[Create_Package_Quantity_System_Based test case starts from row number :- 29
Total number of columns are:- 14
Total number of iterations/rows are :- 1
***************************************************

----{Package Quatity Trigger Quantiy=2, Package Quantity StoreName2=Test82 - 0292, Package Quantity StoreName1=Rdep Meta Limited Pune - 1765, Package Quantity Pool Coupon Field=T20WC, Package Quantity Start Date Format=2024-10-05 04:51 pm, Package Quantity Type1=Package Quantity, Package Quantity Discount Value=12, Package Quantity Promotion Details Error PopUp=Please Select Promotion Type, Package Quantity End Date Format=2024-10-07 04:51 pm, Package Quantity Promotion Name=Pakage System TEST, Package Quantity Promotion Code=PACKAGE12%, Package Quantity  Promotion successful Message=Promotion configured successfully, Package Quantity Promotion Sub type1=Percentage, Package Quantity Description=Package Qauantity Pool Promotion}
]]></system-out>
  </testcase>
  <testcase name="create_promotion[{Package Quatity Trigger Quantiy=2, Package Quantity StoreName2=Test82 - 0292, Package Quantity StoreName1=Rdep Meta Limited Pune - 1765, Package Quantity Pool Coupon Field=T20WC, Package Quantity Start Date Format=2024-10-05 04:51 pm, Package Quantity Type1=Package Quantity, Package Quantity Discount Value=12, Package Quantity Promotion Details Error PopUp=Please Select Promotion Type, Package Quantity End Date Format=2024-10-07 04:51 pm, Package Quantity Promotion Name=Pakage System TEST, Package Quantity Promotion Code=PACKAGE12%, Package Quantity  Promotion successful Message=Promotion configured successfully, Package Quantity Promotion Sub type1=Percentage, Package Quantity Description=Package Qauantity Pool Promotion}](1)" classname="com.proenx.rdep.promotion.listner.Create_Package_Quantity_System_Based" time="0.0">
    <skipped message="Cannot invoke &quot;String.equalsIgnoreCase(String)&quot; because the return value of &quot;java.util.Hashtable.get(Object)&quot; is null"/>
  </testcase>
  <testcase name="getTestCaseName" classname="com.proenx.rdep.promotion.listner.Create_CombinationPool_Coupon_Based" time="5.013">
    <failure message="Cannot invoke &quot;String.equalsIgnoreCase(String)&quot; because the return value of &quot;java.util.Hashtable.get(Object)&quot; is null" type="java.lang.NullPointerException"><![CDATA[java.lang.NullPointerException: Cannot invoke "String.equalsIgnoreCase(String)" because the return value of "java.util.Hashtable.get(Object)" is null
	at com.proenx.rdep.promotion.listner.Create_CombinationPool_Coupon_Based.getTestCaseName(Create_CombinationPool_Coupon_Based.java:21)
	at java.base/jdk.internal.reflect.DirectMethodHandleAccessor.invoke(DirectMethodHandleAccessor.java:103)
	at java.base/java.lang.reflect.Method.invoke(Method.java:580)
	at org.testng.internal.invokers.MethodInvocationHelper.invokeMethod(MethodInvocationHelper.java:141)
	at org.testng.internal.invokers.MethodInvocationHelper.invokeMethodConsideringTimeout(MethodInvocationHelper.java:71)
	at org.testng.internal.invokers.ConfigInvoker.invokeConfigurationMethod(ConfigInvoker.java:400)
	at org.testng.internal.invokers.ConfigInvoker.invokeConfigurations(ConfigInvoker.java:333)
	at org.testng.internal.invokers.TestMethodWorker.invokeBeforeClassMethods(TestMethodWorker.java:188)
	at org.testng.internal.invokers.TestMethodWorker.run(TestMethodWorker.java:128)
	at java.base/java.util.ArrayList.forEach(ArrayList.java:1597)
	at org.testng.TestRunner.privateRun(TestRunner.java:739)
	at org.testng.TestRunner.run(TestRunner.java:614)
	at org.testng.SuiteRunner.runTest(SuiteRunner.java:421)
	at org.testng.SuiteRunner.runSequentially(SuiteRunner.java:413)
	at org.testng.SuiteRunner.privateRun(SuiteRunner.java:373)
	at org.testng.SuiteRunner.run(SuiteRunner.java:312)
	at org.testng.SuiteRunnerWorker.runSuite(SuiteRunnerWorker.java:52)
	at org.testng.SuiteRunnerWorker.run(SuiteRunnerWorker.java:95)
	at org.testng.TestNG.runSuitesSequentially(TestNG.java:1274)
	at org.testng.TestNG.runSuitesLocally(TestNG.java:1208)
	at org.testng.TestNG.runSuites(TestNG.java:1112)
	at org.testng.TestNG.run(TestNG.java:1079)
	at org.apache.maven.surefire.testng.TestNGExecutor.run(TestNGExecutor.java:308)
	at org.apache.maven.surefire.testng.TestNGXmlTestSuite.execute(TestNGXmlTestSuite.java:71)
	at org.apache.maven.surefire.testng.TestNGProvider.invoke(TestNGProvider.java:113)
	at org.apache.maven.surefire.booter.ForkedBooter.runSuitesInProcess(ForkedBooter.java:385)
	at org.apache.maven.surefire.booter.ForkedBooter.execute(ForkedBooter.java:162)
	at org.apache.maven.surefire.booter.ForkedBooter.run(ForkedBooter.java:507)
	at org.apache.maven.surefire.booter.ForkedBooter.main(ForkedBooter.java:495)
]]></failure>
  </testcase>
  <testcase name="launchBrowser" classname="com.proenx.rdep.promotion.listner.Create_CombinationPool_Coupon_Based" time="0.0">
    <skipped/>
    <system-out><![CDATA[Create_CombinationPool_Coupon_Based test case starts from row number :- 33
Total number of columns are:- 25
Total number of iterations/rows are :- 1
***************************************************

----{Error Message for Select Promotion Sub Type Mandatory Field=Please Select Promotion Sub Type, Combination Pool Discount Value=15, Error Message for Select Promotion Discount Value Mandatory Field=Discount value should be greater than 0, CombinationPool Start Date Format=2024-11-14 04:51 pm, Error Message for Select Promotion Promocode Mandatory Field=Please Select Promotion Promocode, Promotion Type2=Combination Pool, Combination Pool Coupon Field=T20WC, Combination Pool StoreName2=Test82 - 0292, Combination Pool StoreName1=Rdep Meta Limited Pune - 1765, Error Message for creating promo without Product File Set =Combination Promotion cannot be created without promosets, Error Message for creating promo without promocode=Please Enter Qualifier Code, Promotion successful Message=Promotion configured successfully, Combination Pool Qualified Quantiy=2, Combination Pool Promotion Name=Percentage Combination Coupon, Combination Pool Promotion Code=COM15%, Error Message for Select Promotion Name Mandatory Field=Please Provide Promotion Name, Combination Pool Promotion successful Message=Promotion configured successfully, Promotion Name=Flat 10% OFF, Combination Pool Promotion Sub type1=Percentage, CombinationPool End Date Format=2024-12-20 04:51 pm, Combination Pool Promotion Details Error PopUp=Please Select Promotion Type, combination Pool Type1=Combination Pool, Promotion Sub type1=Percentage, Error Message for Select Promotion Type Mandatory Field=Please Select Promotion Type, Combination Pool Description=Combination Pool Promotion}
]]></system-out>
  </testcase>
  <testcase name="create_promotion[{Error Message for Select Promotion Sub Type Mandatory Field=Please Select Promotion Sub Type, Combination Pool Discount Value=15, Error Message for Select Promotion Discount Value Mandatory Field=Discount value should be greater than 0, CombinationPool Start Date Format=2024-11-14 04:51 pm, Error Message for Select Promotion Promocode Mandatory Field=Please Select Promotion Promocode, Promotion Type2=Combination Pool, Combination Pool Coupon Field=T20WC, Combination Pool StoreName2=Test82 - 0292, Combination Pool StoreName1=Rdep Meta Limited Pune - 1765, Error Message for creating promo without Product File Set =Combination Promotion cannot be created without promosets, Error Message for creating promo without promocode=Please Enter Qualifier Code, Promotion successful Message=Promotion configured successfully, Combination Pool Qualified Quantiy=2, Combination Pool Promotion Name=Percentage Combination Coupon, Combination Pool Promotion Code=COM15%, Error Message for Select Promotion Name Mandatory Field=Please Provide Promotion Name, Combination Pool Promotion successful Message=Promotion configured successfully, Promotion Name=Flat 10% OFF, Combination Pool Promotion Sub type1=Percentage, CombinationPool End Date Format=2024-12-20 04:51 pm, Combination Pool Promotion Details Error PopUp=Please Select Promotion Type, combination Pool Type1=Combination Pool, Promotion Sub type1=Percentage, Error Message for Select Promotion Type Mandatory Field=Please Select Promotion Type, Combination Pool Description=Combination Pool Promotion}](1)" classname="com.proenx.rdep.promotion.listner.Create_CombinationPool_Coupon_Based" time="0.0">
    <skipped message="Cannot invoke &quot;String.equalsIgnoreCase(String)&quot; because the return value of &quot;java.util.Hashtable.get(Object)&quot; is null"/>
  </testcase>
  <testcase name="getTestCaseName" classname="com.proenx.rdep.promotion.listner.Create_CombinationPool_System_Based" time="5.004">
    <failure message="Cannot invoke &quot;String.equalsIgnoreCase(String)&quot; because the return value of &quot;java.util.Hashtable.get(Object)&quot; is null" type="java.lang.NullPointerException"><![CDATA[java.lang.NullPointerException: Cannot invoke "String.equalsIgnoreCase(String)" because the return value of "java.util.Hashtable.get(Object)" is null
	at com.proenx.rdep.promotion.listner.Create_CombinationPool_System_Based.getTestCaseName(Create_CombinationPool_System_Based.java:20)
	at java.base/jdk.internal.reflect.DirectMethodHandleAccessor.invoke(DirectMethodHandleAccessor.java:103)
	at java.base/java.lang.reflect.Method.invoke(Method.java:580)
	at org.testng.internal.invokers.MethodInvocationHelper.invokeMethod(MethodInvocationHelper.java:141)
	at org.testng.internal.invokers.MethodInvocationHelper.invokeMethodConsideringTimeout(MethodInvocationHelper.java:71)
	at org.testng.internal.invokers.ConfigInvoker.invokeConfigurationMethod(ConfigInvoker.java:400)
	at org.testng.internal.invokers.ConfigInvoker.invokeConfigurations(ConfigInvoker.java:333)
	at org.testng.internal.invokers.TestMethodWorker.invokeBeforeClassMethods(TestMethodWorker.java:188)
	at org.testng.internal.invokers.TestMethodWorker.run(TestMethodWorker.java:128)
	at java.base/java.util.ArrayList.forEach(ArrayList.java:1597)
	at org.testng.TestRunner.privateRun(TestRunner.java:739)
	at org.testng.TestRunner.run(TestRunner.java:614)
	at org.testng.SuiteRunner.runTest(SuiteRunner.java:421)
	at org.testng.SuiteRunner.runSequentially(SuiteRunner.java:413)
	at org.testng.SuiteRunner.privateRun(SuiteRunner.java:373)
	at org.testng.SuiteRunner.run(SuiteRunner.java:312)
	at org.testng.SuiteRunnerWorker.runSuite(SuiteRunnerWorker.java:52)
	at org.testng.SuiteRunnerWorker.run(SuiteRunnerWorker.java:95)
	at org.testng.TestNG.runSuitesSequentially(TestNG.java:1274)
	at org.testng.TestNG.runSuitesLocally(TestNG.java:1208)
	at org.testng.TestNG.runSuites(TestNG.java:1112)
	at org.testng.TestNG.run(TestNG.java:1079)
	at org.apache.maven.surefire.testng.TestNGExecutor.run(TestNGExecutor.java:308)
	at org.apache.maven.surefire.testng.TestNGXmlTestSuite.execute(TestNGXmlTestSuite.java:71)
	at org.apache.maven.surefire.testng.TestNGProvider.invoke(TestNGProvider.java:113)
	at org.apache.maven.surefire.booter.ForkedBooter.runSuitesInProcess(ForkedBooter.java:385)
	at org.apache.maven.surefire.booter.ForkedBooter.execute(ForkedBooter.java:162)
	at org.apache.maven.surefire.booter.ForkedBooter.run(ForkedBooter.java:507)
	at org.apache.maven.surefire.booter.ForkedBooter.main(ForkedBooter.java:495)
]]></failure>
  </testcase>
  <testcase name="launchBrowser" classname="com.proenx.rdep.promotion.listner.Create_CombinationPool_System_Based" time="0.0">
    <skipped/>
    <system-out><![CDATA[Create_CombinationPool_System_Based test case starts from row number :- 37
Total number of columns are:- 14
Total number of iterations/rows are :- 1
***************************************************

----{Combination Pool Promotion Sub type1=Percentage, CombinationPool Start Date Format=2024-11-14 04:51 pm, Combination Pool Description=Combination Pool Promotion, Combination Pool Coupon Field=T20WC, Combination Pool Qualified Quantiy=2, Combination Pool Promotion successful Message=Promotion configured successfully, Combination Pool Discount Value=15, Combination Pool Promotion Details Error PopUp=Please Select Promotion Type, combination Pool Type1=Combination Pool, Combination Pool StoreName2=Test82 - 0292, Combination Pool StoreName1=Rdep Meta Limited Pune - 1765, CombinationPool End Date Format=2024-12-20 04:51 pm, Combination Pool Promotion Name=Percentage Combination, Combination Pool Promotion Code=COM15%}
]]></system-out>
  </testcase>
  <testcase name="create_promotion[{Combination Pool Promotion Sub type1=Percentage, CombinationPool Start Date Format=2024-11-14 04:51 pm, Combination Pool Description=Combination Pool Promotion, Combination Pool Coupon Field=T20WC, Combination Pool Qualified Quantiy=2, Combination Pool Promotion successful Message=Promotion configured successfully, Combination Pool Discount Value=15, Combination Pool Promotion Details Error PopUp=Please Select Promotion Type, combination Pool Type1=Combination Pool, Combination Pool StoreName2=Test82 - 0292, Combination Pool StoreName1=Rdep Meta Limited Pune - 1765, CombinationPool End Date Format=2024-12-20 04:51 pm, Combination Pool Promotion Name=Percentage Combination, Combination Pool Promotion Code=COM15%}](1)" classname="com.proenx.rdep.promotion.listner.Create_CombinationPool_System_Based" time="0.0">
    <skipped message="Cannot invoke &quot;String.equalsIgnoreCase(String)&quot; because the return value of &quot;java.util.Hashtable.get(Object)&quot; is null"/>
  </testcase>
  <testcase name="getTestCaseName" classname="com.proenx.rdep.promotion.listner.Create_SimpleLine_Promo_Coupon_Based" time="5.007">
    <failure message="Cannot invoke &quot;String.equalsIgnoreCase(String)&quot; because the return value of &quot;java.util.Hashtable.get(Object)&quot; is null" type="java.lang.NullPointerException"><![CDATA[java.lang.NullPointerException: Cannot invoke "String.equalsIgnoreCase(String)" because the return value of "java.util.Hashtable.get(Object)" is null
	at com.proenx.rdep.promotion.listner.Create_SimpleLine_Promo_Coupon_Based.getTestCaseName(Create_SimpleLine_Promo_Coupon_Based.java:20)
	at java.base/jdk.internal.reflect.DirectMethodHandleAccessor.invoke(DirectMethodHandleAccessor.java:103)
	at java.base/java.lang.reflect.Method.invoke(Method.java:580)
	at org.testng.internal.invokers.MethodInvocationHelper.invokeMethod(MethodInvocationHelper.java:141)
	at org.testng.internal.invokers.MethodInvocationHelper.invokeMethodConsideringTimeout(MethodInvocationHelper.java:71)
	at org.testng.internal.invokers.ConfigInvoker.invokeConfigurationMethod(ConfigInvoker.java:400)
	at org.testng.internal.invokers.ConfigInvoker.invokeConfigurations(ConfigInvoker.java:333)
	at org.testng.internal.invokers.TestMethodWorker.invokeBeforeClassMethods(TestMethodWorker.java:188)
	at org.testng.internal.invokers.TestMethodWorker.run(TestMethodWorker.java:128)
	at java.base/java.util.ArrayList.forEach(ArrayList.java:1597)
	at org.testng.TestRunner.privateRun(TestRunner.java:739)
	at org.testng.TestRunner.run(TestRunner.java:614)
	at org.testng.SuiteRunner.runTest(SuiteRunner.java:421)
	at org.testng.SuiteRunner.runSequentially(SuiteRunner.java:413)
	at org.testng.SuiteRunner.privateRun(SuiteRunner.java:373)
	at org.testng.SuiteRunner.run(SuiteRunner.java:312)
	at org.testng.SuiteRunnerWorker.runSuite(SuiteRunnerWorker.java:52)
	at org.testng.SuiteRunnerWorker.run(SuiteRunnerWorker.java:95)
	at org.testng.TestNG.runSuitesSequentially(TestNG.java:1274)
	at org.testng.TestNG.runSuitesLocally(TestNG.java:1208)
	at org.testng.TestNG.runSuites(TestNG.java:1112)
	at org.testng.TestNG.run(TestNG.java:1079)
	at org.apache.maven.surefire.testng.TestNGExecutor.run(TestNGExecutor.java:308)
	at org.apache.maven.surefire.testng.TestNGXmlTestSuite.execute(TestNGXmlTestSuite.java:71)
	at org.apache.maven.surefire.testng.TestNGProvider.invoke(TestNGProvider.java:113)
	at org.apache.maven.surefire.booter.ForkedBooter.runSuitesInProcess(ForkedBooter.java:385)
	at org.apache.maven.surefire.booter.ForkedBooter.execute(ForkedBooter.java:162)
	at org.apache.maven.surefire.booter.ForkedBooter.run(ForkedBooter.java:507)
	at org.apache.maven.surefire.booter.ForkedBooter.main(ForkedBooter.java:495)
]]></failure>
  </testcase>
  <testcase name="launchBrowser" classname="com.proenx.rdep.promotion.listner.Create_SimpleLine_Promo_Coupon_Based" time="0.0">
    <skipped/>
    <system-out><![CDATA[Create_SimpleLine_Promo_Coupon_Based test case starts from row number :- 41
Total number of columns are:- 16
Total number of iterations/rows are :- 1
***************************************************

----{Description=Simple Line Promotion, Promotion Type1=Simple Line, start date in filter=2024-12-05 04:51 pm, Discount Value=10, Promotion Data for Master Promotion FilterSearch=Coupon Based, Master Promotion End Date Format=2025-01-15 04:51 pm, Promotion Details Error PopUp=Please Select Promotion Type, Master Promotion Start Date Format=2024-12-05 04:51 pm, Promotion Name=Percentage Promo, Promotion Code=Coupon Based, Promotion successful Message=Promotion configured successfully, StoreName2=Test82 - 0292, StoreName1=Rdep Meta Limited Pune - 1765, end date in filter=2025-02-07 04:51 pm, Coupon Field=T20WC, Promotion Sub type1=Percentage}
]]></system-out>
  </testcase>
  <testcase name="create_promotion[{Description=Simple Line Promotion, Promotion Type1=Simple Line, start date in filter=2024-12-05 04:51 pm, Discount Value=10, Promotion Data for Master Promotion FilterSearch=Coupon Based, Master Promotion End Date Format=2025-01-15 04:51 pm, Promotion Details Error PopUp=Please Select Promotion Type, Master Promotion Start Date Format=2024-12-05 04:51 pm, Promotion Name=Percentage Promo, Promotion Code=Coupon Based, Promotion successful Message=Promotion configured successfully, StoreName2=Test82 - 0292, StoreName1=Rdep Meta Limited Pune - 1765, end date in filter=2025-02-07 04:51 pm, Coupon Field=T20WC, Promotion Sub type1=Percentage}](1)" classname="com.proenx.rdep.promotion.listner.Create_SimpleLine_Promo_Coupon_Based" time="0.0">
    <skipped message="Cannot invoke &quot;String.equalsIgnoreCase(String)&quot; because the return value of &quot;java.util.Hashtable.get(Object)&quot; is null"/>
  </testcase>
  <testcase name="getTestCaseName" classname="com.proenx.rdep.promotion.listner.Create_Simple_Total_Reward_System_Based" time="5.009">
    <failure message="Cannot invoke &quot;String.equalsIgnoreCase(String)&quot; because the return value of &quot;java.util.Hashtable.get(Object)&quot; is null" type="java.lang.NullPointerException"><![CDATA[java.lang.NullPointerException: Cannot invoke "String.equalsIgnoreCase(String)" because the return value of "java.util.Hashtable.get(Object)" is null
	at com.proenx.rdep.promotion.listner.Create_Simple_Total_Reward_System_Based.getTestCaseName(Create_Simple_Total_Reward_System_Based.java:20)
	at java.base/jdk.internal.reflect.DirectMethodHandleAccessor.invoke(DirectMethodHandleAccessor.java:103)
	at java.base/java.lang.reflect.Method.invoke(Method.java:580)
	at org.testng.internal.invokers.MethodInvocationHelper.invokeMethod(MethodInvocationHelper.java:141)
	at org.testng.internal.invokers.MethodInvocationHelper.invokeMethodConsideringTimeout(MethodInvocationHelper.java:71)
	at org.testng.internal.invokers.ConfigInvoker.invokeConfigurationMethod(ConfigInvoker.java:400)
	at org.testng.internal.invokers.ConfigInvoker.invokeConfigurations(ConfigInvoker.java:333)
	at org.testng.internal.invokers.TestMethodWorker.invokeBeforeClassMethods(TestMethodWorker.java:188)
	at org.testng.internal.invokers.TestMethodWorker.run(TestMethodWorker.java:128)
	at java.base/java.util.ArrayList.forEach(ArrayList.java:1597)
	at org.testng.TestRunner.privateRun(TestRunner.java:739)
	at org.testng.TestRunner.run(TestRunner.java:614)
	at org.testng.SuiteRunner.runTest(SuiteRunner.java:421)
	at org.testng.SuiteRunner.runSequentially(SuiteRunner.java:413)
	at org.testng.SuiteRunner.privateRun(SuiteRunner.java:373)
	at org.testng.SuiteRunner.run(SuiteRunner.java:312)
	at org.testng.SuiteRunnerWorker.runSuite(SuiteRunnerWorker.java:52)
	at org.testng.SuiteRunnerWorker.run(SuiteRunnerWorker.java:95)
	at org.testng.TestNG.runSuitesSequentially(TestNG.java:1274)
	at org.testng.TestNG.runSuitesLocally(TestNG.java:1208)
	at org.testng.TestNG.runSuites(TestNG.java:1112)
	at org.testng.TestNG.run(TestNG.java:1079)
	at org.apache.maven.surefire.testng.TestNGExecutor.run(TestNGExecutor.java:308)
	at org.apache.maven.surefire.testng.TestNGXmlTestSuite.execute(TestNGXmlTestSuite.java:71)
	at org.apache.maven.surefire.testng.TestNGProvider.invoke(TestNGProvider.java:113)
	at org.apache.maven.surefire.booter.ForkedBooter.runSuitesInProcess(ForkedBooter.java:385)
	at org.apache.maven.surefire.booter.ForkedBooter.execute(ForkedBooter.java:162)
	at org.apache.maven.surefire.booter.ForkedBooter.run(ForkedBooter.java:507)
	at org.apache.maven.surefire.booter.ForkedBooter.main(ForkedBooter.java:495)
]]></failure>
  </testcase>
  <testcase name="launchBrowser" classname="com.proenx.rdep.promotion.listner.Create_Simple_Total_Reward_System_Based" time="0.0">
    <skipped/>
    <system-out><![CDATA[Create_Simple_Total_Reward_System_Based test case starts from row number :- 45
Total number of columns are:- 29
Total number of iterations/rows are :- 1
***************************************************

----{Promo code  for custom store and custom product type to Search  in Master Promotion Filter=Custom Store+Product, end date in filter=2025-02-07 04:51 pm, Promotion Type1=Simple Total Reward, Master Promotion End Date Format=2025-01-25 04:51 pm, Discount Value=10, Master Promotion Start Date Format=2024-12-25 04:51 pm, Promo Code for custom store and Custom product=Custom Store+Product, Promo Code for custom store and all product=Custom Store, Promotion successful Message=Promotion configured successfully, Promo code  for all store and all product type to Search  in Master Promotion Filter=F10%, Start Date Format inside Filter=2024-12-05 04:51 am, Simple Total Discount Value  Error Message=Discount value should be greater than 0, start date in filter=2024-12-05 04:51 pm, Simple Total Promotion Type Error Message=Please Select Promotion Type, Promotion Name=Simple Total Reward Promo, Promotion Code=ErrorMessage, Simple Total Promotion Sub Type Error Message=Please Select Promotion Sub Type, StoreName2=Test82 - 0292, Test Case Description=This  TC will create a Simple total promotion with system based and it will also cross check the promotion from the master promotion table and the promotion details are here in the end of the report to cross check with Mpos and Dbeaver, Simple Total Promotion Name Error Message=Please Provide Promotion Name, Promo Code for all store and all product=F10%, StoreName1=Rdep Meta Limited Pune - 1765, Simple_Total_Reward_Discount_Quantity=1, Gap=NA, Promo code  for custom store and all product type to Search  in Master Promotion Filter=Custom Store, Promotion Sub type1=Percentage, Description=Simple Total Reward Promotion, Simple Total Promotion Code Type Error Message=Please Provide Promotion Promocode, Simple_Total_Trigger_Amount=2000}
]]></system-out>
  </testcase>
  <testcase name="create_promotion[{Promo code  for custom store and custom product type to Search  in Master Promotion Filter=Custom Store+Product, end date in filter=2025-02-07 04:51 pm, Promotion Type1=Simple Total Reward, Master Promotion End Date Format=2025-01-25 04:51 pm, Discount Value=10, Master Promotion Start Date Format=2024-12-25 04:51 pm, Promo Code for custom store and Custom product=Custom Store+Product, Promo Code for custom store and all product=Custom Store, Promotion successful Message=Promotion configured successfully, Promo code  for all store and all product type to Search  in Master Promotion Filter=F10%, Start Date Format inside Filter=2024-12-05 04:51 am, Simple Total Discount Value  Error Message=Discount value should be greater than 0, start date in filter=2024-12-05 04:51 pm, Simple Total Promotion Type Error Message=Please Select Promotion Type, Promotion Name=Simple Total Reward Promo, Promotion Code=ErrorMessage, Simple Total Promotion Sub Type Error Message=Please Select Promotion Sub Type, StoreName2=Test82 - 0292, Test Case Description=This  TC will create a Simple total promotion with system based and it will also cross check the promotion from the master promotion table and the promotion details are here in the end of the report to cross check with Mpos and Dbeaver, Simple Total Promotion Name Error Message=Please Provide Promotion Name, Promo Code for all store and all product=F10%, StoreName1=Rdep Meta Limited Pune - 1765, Simple_Total_Reward_Discount_Quantity=1, Gap=NA, Promo code  for custom store and all product type to Search  in Master Promotion Filter=Custom Store, Promotion Sub type1=Percentage, Description=Simple Total Reward Promotion, Simple Total Promotion Code Type Error Message=Please Provide Promotion Promocode, Simple_Total_Trigger_Amount=2000}](1)" classname="com.proenx.rdep.promotion.listner.Create_Simple_Total_Reward_System_Based" time="0.0">
    <skipped message="Cannot invoke &quot;String.equalsIgnoreCase(String)&quot; because the return value of &quot;java.util.Hashtable.get(Object)&quot; is null"/>
  </testcase>
  <testcase name="getTestCaseName" classname="com.proenx.rdep.promotion.listner.Create_SimpleLine_Promo_System" time="5.011">
    <failure message="Cannot invoke &quot;String.equalsIgnoreCase(String)&quot; because the return value of &quot;java.util.Hashtable.get(Object)&quot; is null" type="java.lang.NullPointerException"><![CDATA[java.lang.NullPointerException: Cannot invoke "String.equalsIgnoreCase(String)" because the return value of "java.util.Hashtable.get(Object)" is null
	at com.proenx.rdep.promotion.listner.Create_SimpleLine_Promo_System.getTestCaseName(Create_SimpleLine_Promo_System.java:20)
	at java.base/jdk.internal.reflect.DirectMethodHandleAccessor.invoke(DirectMethodHandleAccessor.java:103)
	at java.base/java.lang.reflect.Method.invoke(Method.java:580)
	at org.testng.internal.invokers.MethodInvocationHelper.invokeMethod(MethodInvocationHelper.java:141)
	at org.testng.internal.invokers.MethodInvocationHelper.invokeMethodConsideringTimeout(MethodInvocationHelper.java:71)
	at org.testng.internal.invokers.ConfigInvoker.invokeConfigurationMethod(ConfigInvoker.java:400)
	at org.testng.internal.invokers.ConfigInvoker.invokeConfigurations(ConfigInvoker.java:333)
	at org.testng.internal.invokers.TestMethodWorker.invokeBeforeClassMethods(TestMethodWorker.java:188)
	at org.testng.internal.invokers.TestMethodWorker.run(TestMethodWorker.java:128)
	at java.base/java.util.ArrayList.forEach(ArrayList.java:1597)
	at org.testng.TestRunner.privateRun(TestRunner.java:739)
	at org.testng.TestRunner.run(TestRunner.java:614)
	at org.testng.SuiteRunner.runTest(SuiteRunner.java:421)
	at org.testng.SuiteRunner.runSequentially(SuiteRunner.java:413)
	at org.testng.SuiteRunner.privateRun(SuiteRunner.java:373)
	at org.testng.SuiteRunner.run(SuiteRunner.java:312)
	at org.testng.SuiteRunnerWorker.runSuite(SuiteRunnerWorker.java:52)
	at org.testng.SuiteRunnerWorker.run(SuiteRunnerWorker.java:95)
	at org.testng.TestNG.runSuitesSequentially(TestNG.java:1274)
	at org.testng.TestNG.runSuitesLocally(TestNG.java:1208)
	at org.testng.TestNG.runSuites(TestNG.java:1112)
	at org.testng.TestNG.run(TestNG.java:1079)
	at org.apache.maven.surefire.testng.TestNGExecutor.run(TestNGExecutor.java:308)
	at org.apache.maven.surefire.testng.TestNGXmlTestSuite.execute(TestNGXmlTestSuite.java:71)
	at org.apache.maven.surefire.testng.TestNGProvider.invoke(TestNGProvider.java:113)
	at org.apache.maven.surefire.booter.ForkedBooter.runSuitesInProcess(ForkedBooter.java:385)
	at org.apache.maven.surefire.booter.ForkedBooter.execute(ForkedBooter.java:162)
	at org.apache.maven.surefire.booter.ForkedBooter.run(ForkedBooter.java:507)
	at org.apache.maven.surefire.booter.ForkedBooter.main(ForkedBooter.java:495)
]]></failure>
  </testcase>
  <testcase name="launchBrowser" classname="com.proenx.rdep.promotion.listner.Create_SimpleLine_Promo_System" time="0.0">
    <skipped/>
    <system-out><![CDATA[Create_SimpleLine_Promo_System test case starts from row number :- 50
Total number of columns are:- 16
Total number of iterations/rows are :- 1
***************************************************

----{Description=Simple Line Promotion, Promotion Type1=Simple Line, start date in filter=2024-12-05 04:51 pm, Discount Value=10, Promotion Data for Master Promotion FilterSearch=SimpleLine1, Master Promotion End Date Format=2025-01-07 04:51 pm, Promotion Details Error PopUp=Please Select Promotion Type, Master Promotion Start Date Format=2024-12-22 04:51 pm, Promotion Name=SimpleLine1, Promotion Code=SimpleLine1, Promotion successful Message=Promotion configured successfully, StoreName2=Test82 - 0292, StoreName1=Rdep Meta Limited Pune - 1765, end date in filter=2025-01-07 04:51 pm, Coupon Field=T20WC, Promotion Sub type1=Percentage}
]]></system-out>
  </testcase>
  <testcase name="create_promotion[{Description=Simple Line Promotion, Promotion Type1=Simple Line, start date in filter=2024-12-05 04:51 pm, Discount Value=10, Promotion Data for Master Promotion FilterSearch=SimpleLine1, Master Promotion End Date Format=2025-01-07 04:51 pm, Promotion Details Error PopUp=Please Select Promotion Type, Master Promotion Start Date Format=2024-12-22 04:51 pm, Promotion Name=SimpleLine1, Promotion Code=SimpleLine1, Promotion successful Message=Promotion configured successfully, StoreName2=Test82 - 0292, StoreName1=Rdep Meta Limited Pune - 1765, end date in filter=2025-01-07 04:51 pm, Coupon Field=T20WC, Promotion Sub type1=Percentage}](1)" classname="com.proenx.rdep.promotion.listner.Create_SimpleLine_Promo_System" time="0.0">
    <skipped message="Cannot invoke &quot;String.equalsIgnoreCase(String)&quot; because the return value of &quot;java.util.Hashtable.get(Object)&quot; is null"/>
  </testcase>
  <testcase name="getTestCaseName" classname="com.proenx.rdep.inventory.Stock_Request_Inward" time="5.009">
    <failure message="Cannot invoke &quot;String.equalsIgnoreCase(String)&quot; because the return value of &quot;java.util.Hashtable.get(Object)&quot; is null" type="java.lang.NullPointerException"><![CDATA[java.lang.NullPointerException: Cannot invoke "String.equalsIgnoreCase(String)" because the return value of "java.util.Hashtable.get(Object)" is null
	at com.proenx.rdep.inventory.Stock_Request_Inward.getTestCaseName(Stock_Request_Inward.java:20)
	at java.base/jdk.internal.reflect.DirectMethodHandleAccessor.invoke(DirectMethodHandleAccessor.java:103)
	at java.base/java.lang.reflect.Method.invoke(Method.java:580)
	at org.testng.internal.invokers.MethodInvocationHelper.invokeMethod(MethodInvocationHelper.java:141)
	at org.testng.internal.invokers.MethodInvocationHelper.invokeMethodConsideringTimeout(MethodInvocationHelper.java:71)
	at org.testng.internal.invokers.ConfigInvoker.invokeConfigurationMethod(ConfigInvoker.java:400)
	at org.testng.internal.invokers.ConfigInvoker.invokeConfigurations(ConfigInvoker.java:333)
	at org.testng.internal.invokers.TestMethodWorker.invokeBeforeClassMethods(TestMethodWorker.java:188)
	at org.testng.internal.invokers.TestMethodWorker.run(TestMethodWorker.java:128)
	at java.base/java.util.ArrayList.forEach(ArrayList.java:1597)
	at org.testng.TestRunner.privateRun(TestRunner.java:739)
	at org.testng.TestRunner.run(TestRunner.java:614)
	at org.testng.SuiteRunner.runTest(SuiteRunner.java:421)
	at org.testng.SuiteRunner.runSequentially(SuiteRunner.java:413)
	at org.testng.SuiteRunner.privateRun(SuiteRunner.java:373)
	at org.testng.SuiteRunner.run(SuiteRunner.java:312)
	at org.testng.SuiteRunnerWorker.runSuite(SuiteRunnerWorker.java:52)
	at org.testng.SuiteRunnerWorker.run(SuiteRunnerWorker.java:95)
	at org.testng.TestNG.runSuitesSequentially(TestNG.java:1274)
	at org.testng.TestNG.runSuitesLocally(TestNG.java:1208)
	at org.testng.TestNG.runSuites(TestNG.java:1112)
	at org.testng.TestNG.run(TestNG.java:1079)
	at org.apache.maven.surefire.testng.TestNGExecutor.run(TestNGExecutor.java:308)
	at org.apache.maven.surefire.testng.TestNGXmlTestSuite.execute(TestNGXmlTestSuite.java:71)
	at org.apache.maven.surefire.testng.TestNGProvider.invoke(TestNGProvider.java:113)
	at org.apache.maven.surefire.booter.ForkedBooter.runSuitesInProcess(ForkedBooter.java:385)
	at org.apache.maven.surefire.booter.ForkedBooter.execute(ForkedBooter.java:162)
	at org.apache.maven.surefire.booter.ForkedBooter.run(ForkedBooter.java:507)
	at org.apache.maven.surefire.booter.ForkedBooter.main(ForkedBooter.java:495)
]]></failure>
  </testcase>
  <testcase name="launchBrowser" classname="com.proenx.rdep.inventory.Stock_Request_Inward" time="0.0">
    <skipped/>
    <system-out><![CDATA[Stock_Request_Inward test case starts from row number :- 5
Total number of columns are:- 15
Total number of iterations/rows are :- 1
***************************************************

----{Inventory inward Filter Select Store1=Rdep Meta Limited Pune - 1765, SKU2 to enter manually to inward=8904389900628, Quantity2 to enter manually to inward=1, Error Message for Inventory Inward  Delivery To Store=Request cannot be submitted without items, Inward Delivery Date=05-12-2024, Product Sku1 for Inward with file upload=8904389900567, SKU1 to enter manually to inward=8904389900543, Quantity1 to enter manually to inward=1, Select Store in product filter for file upload=Rdep Meta Limited Pune - 1765, Inventory inward Search Data Through Status=RECEIVED, Inventory Inward  Delivery To Store=Metawear Limited Banglore - 1765, Inventory inward Search Data Through RequestID=1733145561987, Inward Request Date=01-12-2024, Product Sku2 for Inward with file upload=8904389900550, Error Message for approval without adding items=SKU cannot be empty}
]]></system-out>
  </testcase>
  <testcase name="launchBrowser" classname="com.proenx.rdep.inventory.Stock_Request_Inward" time="0.0">
    <skipped/>
    <system-out><![CDATA[Stock_Request_Inward test case starts from row number :- 5
Total number of columns are:- 15
Total number of iterations/rows are :- 1
***************************************************

----{Inventory inward Filter Select Store1=Rdep Meta Limited Pune - 1765, SKU2 to enter manually to inward=8904389900628, Quantity2 to enter manually to inward=1, Error Message for Inventory Inward  Delivery To Store=Request cannot be submitted without items, Inward Delivery Date=05-12-2024, Product Sku1 for Inward with file upload=8904389900567, SKU1 to enter manually to inward=8904389900543, Quantity1 to enter manually to inward=1, Select Store in product filter for file upload=Rdep Meta Limited Pune - 1765, Inventory inward Search Data Through Status=RECEIVED, Inventory Inward  Delivery To Store=Metawear Limited Banglore - 1765, Inventory inward Search Data Through RequestID=1733145561987, Inward Request Date=01-12-2024, Product Sku2 for Inward with file upload=8904389900550, Error Message for approval without adding items=SKU cannot be empty}
]]></system-out>
  </testcase>
  <testcase name="Inventory_List1[{Inventory inward Filter Select Store1=Rdep Meta Limited Pune - 1765, SKU2 to enter manually to inward=8904389900628, Quantity2 to enter manually to inward=1, Error Message for Inventory Inward  Delivery To Store=Request cannot be submitted without items, Inward Delivery Date=05-12-2024, Product Sku1 for Inward with file upload=8904389900567, SKU1 to enter manually to inward=8904389900543, Quantity1 to enter manually to inward=1, Select Store in product filter for file upload=Rdep Meta Limited Pune - 1765, Inventory inward Search Data Through Status=RECEIVED, Inventory Inward  Delivery To Store=Metawear Limited Banglore - 1765, Inventory inward Search Data Through RequestID=1733145561987, Inward Request Date=01-12-2024, Product Sku2 for Inward with file upload=8904389900550, Error Message for approval without adding items=SKU cannot be empty}](1)" classname="com.proenx.rdep.inventory.Stock_Request_Inward" time="0.0">
    <skipped message="Cannot invoke &quot;String.equalsIgnoreCase(String)&quot; because the return value of &quot;java.util.Hashtable.get(Object)&quot; is null"/>
  </testcase>
  <testcase name="Inventory_List2[{Inventory inward Filter Select Store1=Rdep Meta Limited Pune - 1765, SKU2 to enter manually to inward=8904389900628, Quantity2 to enter manually to inward=1, Error Message for Inventory Inward  Delivery To Store=Request cannot be submitted without items, Inward Delivery Date=05-12-2024, Product Sku1 for Inward with file upload=8904389900567, SKU1 to enter manually to inward=8904389900543, Quantity1 to enter manually to inward=1, Select Store in product filter for file upload=Rdep Meta Limited Pune - 1765, Inventory inward Search Data Through Status=RECEIVED, Inventory Inward  Delivery To Store=Metawear Limited Banglore - 1765, Inventory inward Search Data Through RequestID=1733145561987, Inward Request Date=01-12-2024, Product Sku2 for Inward with file upload=8904389900550, Error Message for approval without adding items=SKU cannot be empty}](1)" classname="com.proenx.rdep.inventory.Stock_Request_Inward" time="0.0">
    <skipped message="Cannot invoke &quot;String.equalsIgnoreCase(String)&quot; because the return value of &quot;java.util.Hashtable.get(Object)&quot; is null"/>
  </testcase>
  <testcase name="getTestCaseName" classname="com.proenx.rdep.inventory.Stock_Request_Outward_TestCase" time="5.004">
    <failure message="Cannot invoke &quot;String.equalsIgnoreCase(String)&quot; because the return value of &quot;java.util.Hashtable.get(Object)&quot; is null" type="java.lang.NullPointerException"><![CDATA[java.lang.NullPointerException: Cannot invoke "String.equalsIgnoreCase(String)" because the return value of "java.util.Hashtable.get(Object)" is null
	at com.proenx.rdep.inventory.Stock_Request_Outward_TestCase.getTestCaseName(Stock_Request_Outward_TestCase.java:21)
	at java.base/jdk.internal.reflect.DirectMethodHandleAccessor.invoke(DirectMethodHandleAccessor.java:103)
	at java.base/java.lang.reflect.Method.invoke(Method.java:580)
	at org.testng.internal.invokers.MethodInvocationHelper.invokeMethod(MethodInvocationHelper.java:141)
	at org.testng.internal.invokers.MethodInvocationHelper.invokeMethodConsideringTimeout(MethodInvocationHelper.java:71)
	at org.testng.internal.invokers.ConfigInvoker.invokeConfigurationMethod(ConfigInvoker.java:400)
	at org.testng.internal.invokers.ConfigInvoker.invokeConfigurations(ConfigInvoker.java:333)
	at org.testng.internal.invokers.TestMethodWorker.invokeBeforeClassMethods(TestMethodWorker.java:188)
	at org.testng.internal.invokers.TestMethodWorker.run(TestMethodWorker.java:128)
	at java.base/java.util.ArrayList.forEach(ArrayList.java:1597)
	at org.testng.TestRunner.privateRun(TestRunner.java:739)
	at org.testng.TestRunner.run(TestRunner.java:614)
	at org.testng.SuiteRunner.runTest(SuiteRunner.java:421)
	at org.testng.SuiteRunner.runSequentially(SuiteRunner.java:413)
	at org.testng.SuiteRunner.privateRun(SuiteRunner.java:373)
	at org.testng.SuiteRunner.run(SuiteRunner.java:312)
	at org.testng.SuiteRunnerWorker.runSuite(SuiteRunnerWorker.java:52)
	at org.testng.SuiteRunnerWorker.run(SuiteRunnerWorker.java:95)
	at org.testng.TestNG.runSuitesSequentially(TestNG.java:1274)
	at org.testng.TestNG.runSuitesLocally(TestNG.java:1208)
	at org.testng.TestNG.runSuites(TestNG.java:1112)
	at org.testng.TestNG.run(TestNG.java:1079)
	at org.apache.maven.surefire.testng.TestNGExecutor.run(TestNGExecutor.java:308)
	at org.apache.maven.surefire.testng.TestNGXmlTestSuite.execute(TestNGXmlTestSuite.java:71)
	at org.apache.maven.surefire.testng.TestNGProvider.invoke(TestNGProvider.java:113)
	at org.apache.maven.surefire.booter.ForkedBooter.runSuitesInProcess(ForkedBooter.java:385)
	at org.apache.maven.surefire.booter.ForkedBooter.execute(ForkedBooter.java:162)
	at org.apache.maven.surefire.booter.ForkedBooter.run(ForkedBooter.java:507)
	at org.apache.maven.surefire.booter.ForkedBooter.main(ForkedBooter.java:495)
]]></failure>
  </testcase>
  <testcase name="launchBrowser" classname="com.proenx.rdep.inventory.Stock_Request_Outward_TestCase" time="0.0">
    <skipped/>
    <system-out><![CDATA[Stock_Request_Outward_TestCase test case starts from row number :- 1
Total number of columns are:- 14
Total number of iterations/rows are :- 1
***************************************************

----{Inventory Outward Search Data Through RequestID=1727781505194, Inventory Outward  Transfer To Store=Metawear Limited Pune - 1003, Product Sku2 for outward with file upload=60002300, Quantity1 to enter manually to Outward=1, Product Sku2 for outward with Manual Entry=50002200, Outward Request Date=01-12-2024, Inventory Outward  Transfer From Store=Metawear Limited Banglore - 1765, Select Store in product filter for Manual Entry=Rdep Meta Limited Pune - 1765, Product Sku1 for outward with Manual Entry=12342789100, Select Store in product filter for file upload=Rdep Meta Limited Pune - 1765, Inventory Outward Search Data Through Status=RECEIVED, Product Sku1 for outward with file upload=70002400, Quantity2 to enter manually to Outward=2, required data in the table=40002100}
]]></system-out>
  </testcase>
  <testcase name="launchBrowser" classname="com.proenx.rdep.inventory.Stock_Request_Outward_TestCase" time="0.0">
    <skipped/>
    <system-out><![CDATA[Stock_Request_Outward_TestCase test case starts from row number :- 1
Total number of columns are:- 14
Total number of iterations/rows are :- 1
***************************************************

----{Inventory Outward Search Data Through RequestID=1727781505194, Inventory Outward  Transfer To Store=Metawear Limited Pune - 1003, Product Sku2 for outward with file upload=60002300, Quantity1 to enter manually to Outward=1, Product Sku2 for outward with Manual Entry=50002200, Outward Request Date=01-12-2024, Inventory Outward  Transfer From Store=Metawear Limited Banglore - 1765, Select Store in product filter for Manual Entry=Rdep Meta Limited Pune - 1765, Product Sku1 for outward with Manual Entry=12342789100, Select Store in product filter for file upload=Rdep Meta Limited Pune - 1765, Inventory Outward Search Data Through Status=RECEIVED, Product Sku1 for outward with file upload=70002400, Quantity2 to enter manually to Outward=2, required data in the table=40002100}
]]></system-out>
  </testcase>
  <testcase name="Inventory_List1[{Inventory Outward Search Data Through RequestID=1727781505194, Inventory Outward  Transfer To Store=Metawear Limited Pune - 1003, Product Sku2 for outward with file upload=60002300, Quantity1 to enter manually to Outward=1, Product Sku2 for outward with Manual Entry=50002200, Outward Request Date=01-12-2024, Inventory Outward  Transfer From Store=Metawear Limited Banglore - 1765, Select Store in product filter for Manual Entry=Rdep Meta Limited Pune - 1765, Product Sku1 for outward with Manual Entry=12342789100, Select Store in product filter for file upload=Rdep Meta Limited Pune - 1765, Inventory Outward Search Data Through Status=RECEIVED, Product Sku1 for outward with file upload=70002400, Quantity2 to enter manually to Outward=2, required data in the table=40002100}](1)" classname="com.proenx.rdep.inventory.Stock_Request_Outward_TestCase" time="0.0">
    <skipped message="Cannot invoke &quot;String.equalsIgnoreCase(String)&quot; because the return value of &quot;java.util.Hashtable.get(Object)&quot; is null"/>
  </testcase>
  <testcase name="Inventory_List2[{Inventory Outward Search Data Through RequestID=1727781505194, Inventory Outward  Transfer To Store=Metawear Limited Pune - 1003, Product Sku2 for outward with file upload=60002300, Quantity1 to enter manually to Outward=1, Product Sku2 for outward with Manual Entry=50002200, Outward Request Date=01-12-2024, Inventory Outward  Transfer From Store=Metawear Limited Banglore - 1765, Select Store in product filter for Manual Entry=Rdep Meta Limited Pune - 1765, Product Sku1 for outward with Manual Entry=12342789100, Select Store in product filter for file upload=Rdep Meta Limited Pune - 1765, Inventory Outward Search Data Through Status=RECEIVED, Product Sku1 for outward with file upload=70002400, Quantity2 to enter manually to Outward=2, required data in the table=40002100}](1)" classname="com.proenx.rdep.inventory.Stock_Request_Outward_TestCase" time="0.0">
    <skipped message="Cannot invoke &quot;String.equalsIgnoreCase(String)&quot; because the return value of &quot;java.util.Hashtable.get(Object)&quot; is null"/>
  </testcase>
  <testcase name="getTestCaseName" classname="com.proenx.rdep.inventory.Inventory_TestCases" time="5.008">
    <failure message="Cannot invoke &quot;String.equalsIgnoreCase(String)&quot; because the return value of &quot;java.util.Hashtable.get(Object)&quot; is null" type="java.lang.NullPointerException"><![CDATA[java.lang.NullPointerException: Cannot invoke "String.equalsIgnoreCase(String)" because the return value of "java.util.Hashtable.get(Object)" is null
	at com.proenx.rdep.inventory.Inventory_TestCases.getTestCaseName(Inventory_TestCases.java:19)
	at java.base/jdk.internal.reflect.DirectMethodHandleAccessor.invoke(DirectMethodHandleAccessor.java:103)
	at java.base/java.lang.reflect.Method.invoke(Method.java:580)
	at org.testng.internal.invokers.MethodInvocationHelper.invokeMethod(MethodInvocationHelper.java:141)
	at org.testng.internal.invokers.MethodInvocationHelper.invokeMethodConsideringTimeout(MethodInvocationHelper.java:71)
	at org.testng.internal.invokers.ConfigInvoker.invokeConfigurationMethod(ConfigInvoker.java:400)
	at org.testng.internal.invokers.ConfigInvoker.invokeConfigurations(ConfigInvoker.java:333)
	at org.testng.internal.invokers.TestMethodWorker.invokeBeforeClassMethods(TestMethodWorker.java:188)
	at org.testng.internal.invokers.TestMethodWorker.run(TestMethodWorker.java:128)
	at java.base/java.util.ArrayList.forEach(ArrayList.java:1597)
	at org.testng.TestRunner.privateRun(TestRunner.java:739)
	at org.testng.TestRunner.run(TestRunner.java:614)
	at org.testng.SuiteRunner.runTest(SuiteRunner.java:421)
	at org.testng.SuiteRunner.runSequentially(SuiteRunner.java:413)
	at org.testng.SuiteRunner.privateRun(SuiteRunner.java:373)
	at org.testng.SuiteRunner.run(SuiteRunner.java:312)
	at org.testng.SuiteRunnerWorker.runSuite(SuiteRunnerWorker.java:52)
	at org.testng.SuiteRunnerWorker.run(SuiteRunnerWorker.java:95)
	at org.testng.TestNG.runSuitesSequentially(TestNG.java:1274)
	at org.testng.TestNG.runSuitesLocally(TestNG.java:1208)
	at org.testng.TestNG.runSuites(TestNG.java:1112)
	at org.testng.TestNG.run(TestNG.java:1079)
	at org.apache.maven.surefire.testng.TestNGExecutor.run(TestNGExecutor.java:308)
	at org.apache.maven.surefire.testng.TestNGXmlTestSuite.execute(TestNGXmlTestSuite.java:71)
	at org.apache.maven.surefire.testng.TestNGProvider.invoke(TestNGProvider.java:113)
	at org.apache.maven.surefire.booter.ForkedBooter.runSuitesInProcess(ForkedBooter.java:385)
	at org.apache.maven.surefire.booter.ForkedBooter.execute(ForkedBooter.java:162)
	at org.apache.maven.surefire.booter.ForkedBooter.run(ForkedBooter.java:507)
	at org.apache.maven.surefire.booter.ForkedBooter.main(ForkedBooter.java:495)
]]></failure>
  </testcase>
  <testcase name="launchBrowser" classname="com.proenx.rdep.inventory.Inventory_TestCases" time="0.0">
    <skipped/>
    <system-out><![CDATA[Inventory_TestCases test case starts from row number :- 9
Total number of columns are:- 27
Total number of iterations/rows are :- 1
***************************************************

----{Inventory List Store Name3=NA, Inventory List Filter Select Store1=RDEP HSR - 0265, Inventory List Store Name2=NA, Inventory List Store Name1=RDEP HSR - 0265, Inventory List Search Data for Update1=1616204001002, Inventory Import Successful Message=Inventory imported successfully., Inventory Import Error Message for not selecting Store=Please Select Store, Edit Inventory Successful Message =Inventory updated., Inventory List Search Data for File Reset with Single SKU file=50002202, Inventory Import Store=RDEP HSR - 0265, Inventory Adjustment Successful Message=Inventory adjusted successfully., Inventory Adjustment Error Message for not selecting Store=Please Select Store, Edit Inventory Reorder Threshold Value=5, Inventory List Search Data for File Reset for three sku3=50002202, Inventory List Search Data for File Reset for three sku2=50002202, Inventory List Search Data for Update for three sku3=80002500, Inventory List Search Data for File Reset for three sku1=50002202, Inventory List Search Data for Update for three sku2=50002200, Edit Inventory Inventory Update Reason=Testing Purpose, Inventory List Search Data for Update for three sku1=8904389909669, Inventory Adjustment Unsuccessful Message=Error updating inventory., Inventory List Search SKU for Edit Inventory=50002201, Inventory Import Unsuccessful Message=Required data not found. Please upload the correct file., Inventory Adjustment Error Message for not selecting file=Please Select File, Inventory Import Error Message for not selecting file=Please Select File, Inventory List Search Data forUpdate with Single SKU file=40002100}
]]></system-out>
  </testcase>
  <testcase name="Inventory_List1[{Inventory List Store Name3=NA, Inventory List Filter Select Store1=RDEP HSR - 0265, Inventory List Store Name2=NA, Inventory List Store Name1=RDEP HSR - 0265, Inventory List Search Data for Update1=1616204001002, Inventory Import Successful Message=Inventory imported successfully., Inventory Import Error Message for not selecting Store=Please Select Store, Edit Inventory Successful Message =Inventory updated., Inventory List Search Data for File Reset with Single SKU file=50002202, Inventory Import Store=RDEP HSR - 0265, Inventory Adjustment Successful Message=Inventory adjusted successfully., Inventory Adjustment Error Message for not selecting Store=Please Select Store, Edit Inventory Reorder Threshold Value=5, Inventory List Search Data for File Reset for three sku3=50002202, Inventory List Search Data for File Reset for three sku2=50002202, Inventory List Search Data for Update for three sku3=80002500, Inventory List Search Data for File Reset for three sku1=50002202, Inventory List Search Data for Update for three sku2=50002200, Edit Inventory Inventory Update Reason=Testing Purpose, Inventory List Search Data for Update for three sku1=8904389909669, Inventory Adjustment Unsuccessful Message=Error updating inventory., Inventory List Search SKU for Edit Inventory=50002201, Inventory Import Unsuccessful Message=Required data not found. Please upload the correct file., Inventory Adjustment Error Message for not selecting file=Please Select File, Inventory Import Error Message for not selecting file=Please Select File, Inventory List Search Data forUpdate with Single SKU file=40002100}](1)" classname="com.proenx.rdep.inventory.Inventory_TestCases" time="0.0">
    <skipped message="Cannot invoke &quot;String.equalsIgnoreCase(String)&quot; because the return value of &quot;java.util.Hashtable.get(Object)&quot; is null"/>
  </testcase>
</testsuite>