<?xml version="1.0" encoding="UTF-8"?>
<!-- Generated by org.testng.reporters.JUnitReportReporter -->
<testsuite hostname="LAPTOP-5690O3K1" failures="0" tests="1" name="com.proenx.rdep.myproject.pos.Promo_Test_Case_Combination_Pool" time="59.764" errors="0" timestamp="2024-10-15T07:17:36 IST" skipped="0">
  <testcase classname="com.proenx.rdep.myproject.pos.Promo_Test_Case_Combination_Pool" name="create_promotion" time="59.764"/>
</testsuite> <!-- com.proenx.rdep.myproject.pos.Promo_Test_Case_Combination_Pool -->
