<?xml version="1.0" encoding="UTF-8"?>
<!-- Generated by org.testng.reporters.JUnitReportReporter -->
<testsuite hostname="LAPTOP-5690O3K1" failures="0" tests="1" name="com.proenx.rdep.orderservice.Delivery_Report_Test_Case" time="5.007" errors="0" timestamp="2025-04-11T11:32:26 IST" skipped="1">
  <testcase classname="com.proenx.rdep.orderservice.Delivery_Report_Test_Case" name="SalesReportvaliddata" time="5.007">
    <skipped/>
  </testcase> <!-- SalesReportvaliddata -->
</testsuite> <!-- com.proenx.rdep.orderservice.Delivery_Report_Test_Case -->
