<?xml version="1.0" encoding="UTF-8"?>
<!-- Generated by org.testng.reporters.JUnitReportReporter -->
<testsuite hostname="LAPTOP-5690O3K1" failures="0" tests="1" name="com.proenx.rdep.myproject.pos.Create_SimpleLine_Promo_System" time="46.672" errors="0" timestamp="2024-10-07T12:53:43 IST" skipped="0">
  <testcase classname="com.proenx.rdep.myproject.pos.Create_SimpleLine_Promo_System" name="create_promotion" time="46.672"/>
</testsuite> <!-- com.proenx.rdep.myproject.pos.Create_SimpleLine_Promo_System -->
