<?xml version="1.0" encoding="UTF-8"?>
<!-- Generated by org.testng.reporters.JUnitReportReporter -->
<testsuite hostname="LAPTOP-5690O3K1" failures="0" tests="1" name="com.proenx.rdep.myproject.pos.Package_Quantity_Test_Cases" time="136.942" errors="0" timestamp="2024-10-15T09:28:08 IST" skipped="0">
  <testcase classname="com.proenx.rdep.myproject.pos.Package_Quantity_Test_Cases" name="create_promotion" time="136.942"/>
</testsuite> <!-- com.proenx.rdep.myproject.pos.Package_Quantity_Test_Cases -->
