<?xml version="1.0" encoding="UTF-8"?>
<!-- Generated by org.testng.reporters.JUnitReportReporter -->
<testsuite hostname="LAPTOP-5690O3K1" failures="0" tests="1" name="com.proenx.rdep.myproject.pos.Single_Product_TestCases" time="66.508" errors="0" timestamp="2024-11-18T16:58:28 IST" skipped="0">
  <testcase classname="com.proenx.rdep.myproject.pos.Single_Product_TestCases" name="single_Product3" time="66.508"/>
</testsuite> <!-- com.proenx.rdep.myproject.pos.Single_Product_TestCases -->
