<?xml version="1.0" encoding="UTF-8"?>
<!-- Generated by org.testng.reporters.JUnitReportReporter -->
<testsuite hostname="LAPTOP-5690O3K1" failures="0" tests="2" name="com.proenx.rdep.inventory.Stock_Request_Inward" time="451.611" errors="0" timestamp="2025-01-16T03:07:06 IST" skipped="0">
  <testcase classname="com.proenx.rdep.inventory.Stock_Request_Inward" name="Inventory_List1" time="171.510"/>
  <testcase classname="com.proenx.rdep.inventory.Stock_Request_Inward" name="Inventory_List2" time="280.101"/>
</testsuite> <!-- com.proenx.rdep.inventory.Stock_Request_Inward -->
