<?xml version="1.0" encoding="UTF-8"?>
<!-- Generated by org.testng.reporters.JUnitReportReporter -->
<testsuite hostname="LAPTOP-5690O3K1" failures="0" tests="2" name="com.proenx.rdep.customer.Customer_Screen_Test_Cases" time="25.092" errors="0" timestamp="2025-02-12T13:11:29 IST" skipped="1">
  <testcase classname="com.proenx.rdep.customer.Customer_Screen_Test_Cases" name="Customer_Screen2" time="25.092"/>
  <testcase classname="com.proenx.rdep.customer.Customer_Screen_Test_Cases" name="Customer_Screen">
    <skipped/>
  </testcase> <!-- Customer_Screen -->
</testsuite> <!-- com.proenx.rdep.customer.Customer_Screen_Test_Cases -->
