<?xml version="1.0" encoding="UTF-8"?>
<!-- Generated by org.testng.reporters.JUnitReportReporter -->
<testsuite hostname="LAPTOP-5690O3K1" failures="0" tests="1" name="com.proenx.rdep.promotion.listner.Create_Package_Quantity_System_Based" time="189.643" errors="0" timestamp="2025-01-16T12:04:42 IST" skipped="0">
  <testcase classname="com.proenx.rdep.promotion.listner.Create_Package_Quantity_System_Based" name="create_promotion" time="189.643"/>
</testsuite> <!-- com.proenx.rdep.promotion.listner.Create_Package_Quantity_System_Based -->
