<?xml version="1.0" encoding="UTF-8"?>
<!-- Generated by org.testng.reporters.JUnitReportReporter -->
<testsuite hostname="LAPTOP-5690O3K1" failures="0" tests="2" name="com.proenx.rdep.inventory.Stock_Request_Outward_TestCase" time="313.503" errors="0" timestamp="2025-01-16T03:16:18 IST" skipped="0">
  <testcase classname="com.proenx.rdep.inventory.Stock_Request_Outward_TestCase" name="Inventory_List1" time="172.470"/>
  <testcase classname="com.proenx.rdep.inventory.Stock_Request_Outward_TestCase" name="Inventory_List2" time="141.033"/>
</testsuite> <!-- com.proenx.rdep.inventory.Stock_Request_Outward_TestCase -->
