<?xml version="1.0" encoding="UTF-8"?>
<!-- Generated by org.testng.reporters.JUnitReportReporter -->
<testsuite hostname="LAPTOP-5690O3K1" failures="0" tests="2" name="com.proenx.rdep.orderservice.Sales_Report_TestCases" time="61.916" errors="0" timestamp="2025-04-11T11:32:26 IST" skipped="1">
  <testcase classname="com.proenx.rdep.orderservice.Sales_Report_TestCases" name="SalesReportvaliddata" time="61.916"/>
  <testcase classname="com.proenx.rdep.orderservice.Sales_Report_TestCases" name="SalesReportvaliddata2">
    <skipped/>
  </testcase> <!-- SalesReportvaliddata2 -->
</testsuite> <!-- com.proenx.rdep.orderservice.Sales_Report_TestCases -->
