<?xml version="1.0" encoding="UTF-8"?>
<!-- Generated by org.testng.reporters.JUnitReportReporter -->
<testsuite hostname="LAPTOP-5690O3K1" failures="0" tests="2" name="com.proenx.rdep.myproject.pos.Single_Product_With_Inventory_Test_Case" time="5.022" errors="0" timestamp="2024-11-03T16:35:14 IST" skipped="2">
  <testcase classname="com.proenx.rdep.myproject.pos.Single_Product_With_Inventory_Test_Case" name="single_Product2" time="5.022">
    <skipped/>
  </testcase> <!-- single_Product2 -->
  <testcase classname="com.proenx.rdep.myproject.pos.Single_Product_With_Inventory_Test_Case" name="single_Product1">
    <skipped/>
  </testcase> <!-- single_Product1 -->
</testsuite> <!-- com.proenx.rdep.myproject.pos.Single_Product_With_Inventory_Test_Case -->
