<?xml version="1.0" encoding="UTF-8"?>
<!-- Generated by org.testng.reporters.JUnitReportReporter -->
<testsuite hostname="LAPTOP-5690O3K1" failures="0" tests="1" name="com.proenx.rdep.promotion.listner.Create_Simple_Total_Coupon_Based" time="109.796" errors="0" timestamp="2024-12-20T00:09:25 IST" skipped="0">
  <testcase classname="com.proenx.rdep.promotion.listner.Create_Simple_Total_Coupon_Based" name="create_promotion" time="109.796"/>
</testsuite> <!-- com.proenx.rdep.promotion.listner.Create_Simple_Total_Coupon_Based -->
