<?xml version="1.0" encoding="UTF-8"?>
<!-- Generated by org.testng.reporters.JUnitReportReporter -->
<testsuite hostname="LAPTOP-5690O3K1" failures="0" tests="1" name="com.proenx.rdep.myproject.pos.TestPractice3" time="5.001" errors="0" timestamp="2024-10-06T13:58:57 IST" skipped="1">
  <testcase classname="com.proenx.rdep.myproject.pos.TestPractice3" name="SalesReportvaliddata" time="5.001">
    <skipped/>
  </testcase> <!-- SalesReportvaliddata -->
</testsuite> <!-- com.proenx.rdep.myproject.pos.TestPractice3 -->
