<?xml version="1.0" encoding="UTF-8"?>
<!-- Generated by org.testng.reporters.JUnitReportReporter -->
<testsuite hostname="LAPTOP-5690O3K1" failures="0" tests="6" name="com.proenx.rdep.myproject.pos.Inventory_TestCases" time="40.706" errors="0" timestamp="2024-11-05T14:58:12 IST" skipped="5">
  <testcase classname="com.proenx.rdep.myproject.pos.Inventory_TestCases" name="Inventory_List1" time="40.706"/>
  <testcase classname="com.proenx.rdep.myproject.pos.Inventory_TestCases" name="Inventory_List2">
    <skipped/>
  </testcase> <!-- Inventory_List2 -->
  <testcase classname="com.proenx.rdep.myproject.pos.Inventory_TestCases" name="Inventory_List_Edit">
    <skipped/>
  </testcase> <!-- Inventory_List_Edit -->
  <testcase classname="com.proenx.rdep.myproject.pos.Inventory_TestCases" name="Inventory_List_3">
    <skipped/>
  </testcase> <!-- Inventory_List_3 -->
  <testcase classname="com.proenx.rdep.myproject.pos.Inventory_TestCases" name="Inventory_List_Reset">
    <skipped/>
  </testcase> <!-- Inventory_List_Reset -->
  <testcase classname="com.proenx.rdep.myproject.pos.Inventory_TestCases" name="Inventory_List_table">
    <skipped/>
  </testcase> <!-- Inventory_List_table -->
</testsuite> <!-- com.proenx.rdep.myproject.pos.Inventory_TestCases -->
