<?xml version="1.0" encoding="UTF-8"?>
<!-- Generated by org.testng.reporters.JUnitReportReporter -->
<testsuite hostname="LAPTOP-5690O3K1" failures="0" tests="2" name="com.proenx.rdep.inventory.Stock_Request_Outward_TestCase" time="267.619" errors="0" timestamp="2024-12-20T01:11:22 IST" skipped="0">
  <testcase classname="com.proenx.rdep.inventory.Stock_Request_Outward_TestCase" name="Inventory_List1" time="147.416"/>
  <testcase classname="com.proenx.rdep.inventory.Stock_Request_Outward_TestCase" name="Inventory_List2" time="120.203"/>
</testsuite> <!-- com.proenx.rdep.inventory.Stock_Request_Outward_TestCase -->
