<?xml version="1.0" encoding="UTF-8"?>
<!-- Generated by org.testng.reporters.JUnitReportReporter -->
<testsuite hostname="LAPTOP-5690O3K1" failures="0" tests="1" name="com.proenx.rdep.customer.Customer_Screen_Test_Cases" time="49.084" errors="0" timestamp="2025-01-12T14:49:26 IST" skipped="0">
  <testcase classname="com.proenx.rdep.customer.Customer_Screen_Test_Cases" name="create_promotion" time="49.084"/>
</testsuite> <!-- com.proenx.rdep.customer.Customer_Screen_Test_Cases -->
