<?xml version="1.0" encoding="UTF-8"?>
<!-- Generated by org.testng.reporters.JUnitReportReporter -->
<testsuite hostname="LAPTOP-5690O3K1" failures="0" tests="1" name="com.proenx.rdep.myproject.pos.PromotionTestCase1" time="61.965" errors="0" timestamp="2024-11-05T14:58:12 IST" skipped="0">
  <testcase classname="com.proenx.rdep.myproject.pos.PromotionTestCase1" name="promotionTC1" time="61.965"/>
</testsuite> <!-- com.proenx.rdep.myproject.pos.PromotionTestCase1 -->
