<?xml version="1.0" encoding="UTF-8"?>
<!-- Generated by org.testng.reporters.JUnitReportReporter -->
<testsuite hostname="LAPTOP-5690O3K1" failures="0" tests="3" name="com.proenx.rdep.inventory.Inventory_TestCases" time="57.511" errors="0" timestamp="2025-01-21T09:33:55 IST" skipped="2">
  <testcase classname="com.proenx.rdep.inventory.Inventory_TestCases" name="Inventory_List1" time="57.511"/>
  <testcase classname="com.proenx.rdep.inventory.Inventory_TestCases" name="Inventory_List3">
    <skipped/>
  </testcase> <!-- Inventory_List3 -->
  <testcase classname="com.proenx.rdep.inventory.Inventory_TestCases" name="Inventory_List2">
    <skipped/>
  </testcase> <!-- Inventory_List2 -->
</testsuite> <!-- com.proenx.rdep.inventory.Inventory_TestCases -->
