<?xml version="1.0" encoding="UTF-8"?>
<!-- Generated by org.testng.reporters.JUnitReportReporter -->
<testsuite hostname="LAPTOP-5690O3K1" failures="0" tests="1" name="com.proenx.rdep.orderservice.Article_Report_TestCases" time="41.693" errors="0" timestamp="2025-04-21T10:58:02 IST" skipped="0">
  <testcase classname="com.proenx.rdep.orderservice.Article_Report_TestCases" name="SalesReportvaliddata" time="41.693"/>
</testsuite> <!-- com.proenx.rdep.orderservice.Article_Report_TestCases -->
