<?xml version="1.0" encoding="UTF-8"?>
<!-- Generated by org.testng.reporters.JUnitReportReporter -->
<testsuite hostname="LAPTOP-5690O3K1" failures="0" tests="3" name="com.proenx.rdep.inventory.Inventory_TestCases" time="5.018" errors="0" timestamp="2025-02-24T14:36:33 IST" skipped="3">
  <testcase classname="com.proenx.rdep.inventory.Inventory_TestCases" name="Inventory_List1" time="5.018">
    <skipped/>
  </testcase> <!-- Inventory_List1 -->
  <testcase classname="com.proenx.rdep.inventory.Inventory_TestCases" name="Inventory_List2">
    <skipped/>
  </testcase> <!-- Inventory_List2 -->
  <testcase classname="com.proenx.rdep.inventory.Inventory_TestCases" name="Inventory_List3">
    <skipped/>
  </testcase> <!-- Inventory_List3 -->
</testsuite> <!-- com.proenx.rdep.inventory.Inventory_TestCases -->
