<?xml version="1.0" encoding="UTF-8"?>
<!-- Generated by org.testng.reporters.JUnitReportReporter -->
<testsuite hostname="LAPTOP-5690O3K1" failures="0" tests="1" name="MainLogic" time="19.931" errors="0" timestamp="2024-09-14T21:27:37 IST" skipped="0">
  <testcase classname="MainLogic" name="loginPage" time="19.931"/>
</testsuite> <!-- MainLogic -->
