<?xml version="1.0" encoding="UTF-8"?>
<!-- Generated by org.testng.reporters.JUnitReportReporter -->
<testsuite hostname="LAPTOP-5690O3K1" failures="0" tests="2" name="com.proenx.rdep.mpos.MposLoginTest" time="77.793" errors="0" timestamp="2025-05-28T18:54:11 IST" skipped="1">
  <testcase classname="com.proenx.rdep.mpos.MposLoginTest" name="Valid_Transaction" time="77.793"/>
  <testcase classname="com.proenx.rdep.mpos.MposLoginTest" name="create_promotion">
    <skipped/>
  </testcase> <!-- create_promotion -->
</testsuite> <!-- com.proenx.rdep.mpos.MposLoginTest -->
