<?xml version="1.0" encoding="UTF-8"?>
<!-- Generated by org.testng.reporters.JUnitReportReporter -->
<testsuite hostname="LAPTOP-5690O3K1" failures="0" tests="3" name="com.proenx.rdep.promotion.listner.Create_SimpleLine_Promo_System" time="15.055" errors="0" timestamp="2024-11-14T06:59:20 IST" skipped="3">
  <testcase classname="com.proenx.rdep.promotion.listner.Create_SimpleLine_Promo_System" name="create_promotion" time="5.013">
    <skipped/>
  </testcase> <!-- create_promotion -->
  <testcase classname="com.proenx.rdep.promotion.listner.Create_SimpleLine_Promo_System" name="create_promotion" time="5.014">
    <skipped/>
  </testcase> <!-- create_promotion -->
  <testcase classname="com.proenx.rdep.promotion.listner.Create_SimpleLine_Promo_System" name="create_promotion" time="5.028">
    <skipped/>
  </testcase> <!-- create_promotion -->
</testsuite> <!-- com.proenx.rdep.promotion.listner.Create_SimpleLine_Promo_System -->
