<?xml version="1.0" encoding="UTF-8"?>
<!-- Generated by org.testng.reporters.JUnitReportReporter -->
<testsuite hostname="LAPTOP-5690O3K1" failures="0" tests="1" name="com.proenx.rdep.myproject.pos.PromotionTestCase1" time="51.286" errors="0" timestamp="2024-10-14T13:09:16 IST" skipped="0">
  <testcase classname="com.proenx.rdep.myproject.pos.PromotionTestCase1" name="promotionTC1" time="51.286"/>
</testsuite> <!-- com.proenx.rdep.myproject.pos.PromotionTestCase1 -->
