<?xml version="1.0" encoding="UTF-8"?>
<!-- Generated by org.testng.reporters.JUnitReportReporter -->
<testsuite hostname="LAPTOP-5690O3K1" failures="0" tests="1" name="rough.TestPractice2" time="25.356" errors="0" timestamp="2024-09-23T19:24:03 IST" skipped="0">
  <testcase classname="rough.TestPractice2" name="SalesReportvaliddata" time="25.356"/>
</testsuite> <!-- rough.TestPractice2 -->
