<?xml version="1.0" encoding="UTF-8"?>
<!-- Generated by org.testng.reporters.JUnitReportReporter -->
<testsuite hostname="LAPTOP-5690O3K1" failures="0" tests="1" name="com.proenx.rdep.myproject.pos.E_Receipt_TestCases" time="158.451" errors="0" timestamp="2024-12-12T22:43:55 IST" skipped="0">
  <testcase classname="com.proenx.rdep.myproject.pos.E_Receipt_TestCases" name="SalesReportvaliddata" time="158.451"/>
</testsuite> <!-- com.proenx.rdep.myproject.pos.E_Receipt_TestCases -->
