<?xml version="1.0" encoding="UTF-8"?>
<!-- Generated by org.testng.reporters.JUnitReportReporter -->
<testsuite hostname="LAPTOP-5690O3K1" failures="0" tests="1" name="com.proenx.rdep.myproject.pos.TestPractice2" time="34.417" errors="0" timestamp="2024-10-01T07:55:35 IST" skipped="0">
  <testcase classname="com.proenx.rdep.myproject.pos.TestPractice2" name="SalesReportvaliddata" time="34.417"/>
</testsuite> <!-- com.proenx.rdep.myproject.pos.TestPractice2 -->
