<?xml version="1.0" encoding="UTF-8"?>
<!-- Generated by org.testng.reporters.JUnitReportReporter -->
<testsuite hostname="LAPTOP-5690O3K1" failures="0" tests="1" name="com.proenx.rdep.promotion.listner.Create_Simple_Total_System_Based_Custom_Store" time="5.014" errors="0" timestamp="2024-11-27T11:52:49 IST" skipped="1">
  <testcase classname="com.proenx.rdep.promotion.listner.Create_Simple_Total_System_Based_Custom_Store" name="create_promotion" time="5.014">
    <skipped/>
  </testcase> <!-- create_promotion -->
</testsuite> <!-- com.proenx.rdep.promotion.listner.Create_Simple_Total_System_Based_Custom_Store -->
