<?xml version="1.0" encoding="UTF-8"?>
<!-- Generated by org.testng.reporters.JUnitReportReporter -->
<testsuite hostname="LAPTOP-5690O3K1" failures="0" tests="2" name="com.proenx.rdep.promotion.listner.MasterPromotion_TestCases" time="176.794" errors="0" timestamp="2025-01-16T12:04:42 IST" skipped="0">
  <testcase classname="com.proenx.rdep.promotion.listner.MasterPromotion_TestCases" name="create_promotion2" time="123.718"/>
  <testcase classname="com.proenx.rdep.promotion.listner.MasterPromotion_TestCases" name="create_promotion" time="53.076"/>
</testsuite> <!-- com.proenx.rdep.promotion.listner.MasterPromotion_TestCases -->
