<?xml version="1.0" encoding="UTF-8"?>
<!-- Generated by org.testng.reporters.JUnitReportReporter -->
<testsuite hostname="LAPTOP-5690O3K1" failures="0" tests="2" name="com.proenx.rdep.promotion.listner.Create_CombinationPool_Coupon_Based" time="27.795" errors="0" timestamp="2024-12-20T21:38:21 IST" skipped="1">
  <testcase classname="com.proenx.rdep.promotion.listner.Create_CombinationPool_Coupon_Based" name="create_promotion2" time="27.795"/>
  <testcase classname="com.proenx.rdep.promotion.listner.Create_CombinationPool_Coupon_Based" name="create_promotion">
    <skipped/>
  </testcase> <!-- create_promotion -->
</testsuite> <!-- com.proenx.rdep.promotion.listner.Create_CombinationPool_Coupon_Based -->
