<?xml version="1.0" encoding="UTF-8"?>
<!-- Generated by org.testng.reporters.JUnitReportReporter -->
<testsuite hostname="LAPTOP-5690O3K1" failures="0" tests="3" name="com.proenx.rdep.myproject.pos.Create_SimpleLine_Promo_System" time="15.025" errors="0" timestamp="2024-11-14T04:38:58 IST" skipped="3">
  <testcase classname="com.proenx.rdep.myproject.pos.Create_SimpleLine_Promo_System" name="create_promotion" time="5.002">
    <skipped/>
  </testcase> <!-- create_promotion -->
  <testcase classname="com.proenx.rdep.myproject.pos.Create_SimpleLine_Promo_System" name="create_promotion" time="5.010">
    <skipped/>
  </testcase> <!-- create_promotion -->
  <testcase classname="com.proenx.rdep.myproject.pos.Create_SimpleLine_Promo_System" name="create_promotion" time="5.013">
    <skipped/>
  </testcase> <!-- create_promotion -->
</testsuite> <!-- com.proenx.rdep.myproject.pos.Create_SimpleLine_Promo_System -->
