<?xml version="1.0" encoding="UTF-8"?>
<!-- Generated by org.testng.reporters.JUnitReportReporter -->
<testsuite hostname="LAPTOP-5690O3K1" failures="0" tests="1" name="com.proenx.rdep.promotion.listner.Create_CombinationPool_System_Based" time="5.017" errors="0" timestamp="2024-11-15T14:06:40 IST" skipped="1">
  <testcase classname="com.proenx.rdep.promotion.listner.Create_CombinationPool_System_Based" name="create_promotion" time="5.017">
    <skipped/>
  </testcase> <!-- create_promotion -->
</testsuite> <!-- com.proenx.rdep.promotion.listner.Create_CombinationPool_System_Based -->
