<?xml version="1.0" encoding="UTF-8"?>
<!-- Generated by org.testng.reporters.JUnitReportReporter -->
<testsuite hostname="LAPTOP-5690O3K1" failures="0" tests="1" name="com.proenx.rdep.myproject.pos.Single_Product_TestCase3" time="74.630" errors="0" timestamp="2024-11-12T17:43:22 IST" skipped="0">
  <testcase classname="com.proenx.rdep.myproject.pos.Single_Product_TestCase3" name="single_Product1" time="74.630"/>
</testsuite> <!-- com.proenx.rdep.myproject.pos.Single_Product_TestCase3 -->
