<?xml version="1.0" encoding="UTF-8"?>
<!-- Generated by org.testng.reporters.JUnitReportReporter -->
<testsuite hostname="LAPTOP-5690O3K1" failures="0" tests="3" name="com.proenx.rdep.myproject.pos.Inventory_TestCases" time="362.432" errors="0" timestamp="2024-12-02T18:49:55 IST" skipped="0">
  <testcase classname="com.proenx.rdep.myproject.pos.Inventory_TestCases" name="Inventory_List2" time="81.562"/>
  <testcase classname="com.proenx.rdep.myproject.pos.Inventory_TestCases" name="Inventory_List1" time="124.964"/>
  <testcase classname="com.proenx.rdep.myproject.pos.Inventory_TestCases" name="Inventory_List3" time="155.906"/>
</testsuite> <!-- com.proenx.rdep.myproject.pos.Inventory_TestCases -->
