<?xml version="1.0" encoding="UTF-8"?>
<!-- Generated by org.testng.reporters.JUnitReportReporter -->
<testsuite hostname="LAPTOP-5690O3K1" failures="0" tests="1" name="com.proenx.rdep.myproject.pos.MainLogic2" time="17.811" errors="0" timestamp="2024-09-15T01:10:37 IST" skipped="0">
  <testcase classname="com.proenx.rdep.myproject.pos.MainLogic2" name="loginPage" time="17.811"/>
</testsuite> <!-- com.proenx.rdep.myproject.pos.MainLogic2 -->
