<?xml version="1.0" encoding="UTF-8"?>
<!-- Generated by org.testng.reporters.JUnitReportReporter -->
<testsuite hostname="LAPTOP-5690O3K1" failures="0" tests="1" name="com.proenx.rdep.promotion.listner.Create_Package_Quantity_Coupon_Based" time="156.571" errors="0" timestamp="2024-11-15T14:06:40 IST" skipped="0">
  <testcase classname="com.proenx.rdep.promotion.listner.Create_Package_Quantity_Coupon_Based" name="create_promotion" time="156.571"/>
</testsuite> <!-- com.proenx.rdep.promotion.listner.Create_Package_Quantity_Coupon_Based -->
