<?xml version="1.0" encoding="UTF-8"?>
<!-- Generated by org.testng.reporters.JUnitReportReporter -->
<testsuite hostname="LAPTOP-5690O3K1" failures="0" tests="1" name="com.proenx.rdep.myproject.pos.Combination_Pool_TestCases" time="25.852" errors="0" timestamp="2024-10-10T09:23:20 IST" skipped="0">
  <testcase classname="com.proenx.rdep.myproject.pos.Combination_Pool_TestCases" name="create_promotion" time="25.852"/>
</testsuite> <!-- com.proenx.rdep.myproject.pos.Combination_Pool_TestCases -->
