<?xml version="1.0" encoding="UTF-8"?>
<!-- Generated by org.testng.reporters.JUnitReportReporter -->
<testsuite hostname="LAPTOP-5690O3K1" failures="0" tests="1" name="com.proenx.rdep.myproject.pos.Single_Product_TestCases" time="37.843" errors="0" timestamp="2024-11-16T10:02:43 IST" skipped="0">
  <testcase classname="com.proenx.rdep.myproject.pos.Single_Product_TestCases" name="single_Product3" time="37.843"/>
</testsuite> <!-- com.proenx.rdep.myproject.pos.Single_Product_TestCases -->
