<?xml version="1.0" encoding="UTF-8"?>
<!-- Generated by org.testng.reporters.JUnitReportReporter -->
<testsuite hostname="LAPTOP-5690O3K1" failures="0" tests="3" name="com.proenx.rdep.mpos.MposLoginTest" time="100.912" errors="0" timestamp="2025-06-10T16:40:44 IST" skipped="2">
  <testcase classname="com.proenx.rdep.mpos.MposLoginTest" name="Login_With_OTP" time="100.912"/>
  <testcase classname="com.proenx.rdep.mpos.MposLoginTest" name="create_promotion">
    <skipped/>
  </testcase> <!-- create_promotion -->
  <testcase classname="com.proenx.rdep.mpos.MposLoginTest" name="alid_Transaction">
    <skipped/>
  </testcase> <!-- alid_Transaction -->
</testsuite> <!-- com.proenx.rdep.mpos.MposLoginTest -->
