<?xml version="1.0" encoding="UTF-8"?>
<!-- Generated by org.testng.reporters.JUnitReportReporter -->
<testsuite hostname="LAPTOP-5690O3K1" failures="0" tests="1" name="com.proenx.rdep.promotion.listner.Create_CombinationPool_Coupon_Based" time="192.421" errors="0" timestamp="2024-12-22T09:28:23 IST" skipped="0">
  <testcase classname="com.proenx.rdep.promotion.listner.Create_CombinationPool_Coupon_Based" name="create_promotion" time="192.421"/>
</testsuite> <!-- com.proenx.rdep.promotion.listner.Create_CombinationPool_Coupon_Based -->
