<?xml version="1.0" encoding="UTF-8"?>
<!-- Generated by org.testng.reporters.JUnitReportReporter -->
<testsuite hostname="LAPTOP-5690O3K1" failures="0" tests="1" name="com.proenx.rdep.myproject.pos.Single_Product_TestCases" time="49.661" errors="0" timestamp="2024-11-16T09:36:29 IST" skipped="0">
  <testcase classname="com.proenx.rdep.myproject.pos.Single_Product_TestCases" name="single_Product3" time="49.661"/>
</testsuite> <!-- com.proenx.rdep.myproject.pos.Single_Product_TestCases -->
