<?xml version="1.0" encoding="UTF-8"?>
<!-- Generated by org.testng.reporters.JUnitReportReporter -->
<testsuite hostname="LAPTOP-5690O3K1" failures="0" tests="4" name="com.proenx.rdep.myproject.pos.Single_Product_TestCases" time="46.039" errors="0" timestamp="2024-10-28T23:30:34 IST" skipped="3">
  <testcase classname="com.proenx.rdep.myproject.pos.Single_Product_TestCases" name="single_Product3" time="46.039"/>
  <testcase classname="com.proenx.rdep.myproject.pos.Single_Product_TestCases" name="single_Product1">
    <skipped/>
  </testcase> <!-- single_Product1 -->
  <testcase classname="com.proenx.rdep.myproject.pos.Single_Product_TestCases" name="single_Product2">
    <skipped/>
  </testcase> <!-- single_Product2 -->
  <testcase classname="com.proenx.rdep.myproject.pos.Single_Product_TestCases" name="single_Product4">
    <skipped/>
  </testcase> <!-- single_Product4 -->
</testsuite> <!-- com.proenx.rdep.myproject.pos.Single_Product_TestCases -->
